0 info it worked if it ends with ok
1 verbose cli [ 'D:\\software\\node\\node.exe',
1 verbose cli   'D:\\software\\node\\node_modules\\npm\\bin\\npm-cli.js',
1 verbose cli   'install' ]
2 info using npm@2.14.7
3 info using node@v4.2.3
4 verbose readDependencies loading dependencies from E:\workspace\node\use-nunjucks\package.json
5 warn package.json use-nunjucks@1.0.0 No README data
6 verbose install where, deps [ 'E:\\workspace\\node\\use-nunjucks', [ 'nunjucks' ] ]
7 verbose install where, peers [ 'E:\\workspace\\node\\use-nunjucks', [] ]
8 verbose installManyTop reading for lifecycle E:\workspace\node\use-nunjucks\package.json
9 info preinstall use-nunjucks@1.0.0
10 verbose readDependencies loading dependencies from E:\workspace\node\use-nunjucks\package.json
11 silly cache add args [ 'nunjucks@2.4.2', null ]
12 verbose cache add spec nunjucks@2.4.2
13 silly cache add parsed spec Result {
13 silly cache add   raw: 'nunjucks@2.4.2',
13 silly cache add   scope: null,
13 silly cache add   name: 'nunjucks',
13 silly cache add   rawSpec: '2.4.2',
13 silly cache add   spec: '2.4.2',
13 silly cache add   type: 'version' }
14 silly addNamed nunjucks@2.4.2
15 verbose addNamed "2.4.2" is a plain semver version for nunjucks
16 silly mapToRegistry name nunjucks
17 silly mapToRegistry using default registry
18 silly mapToRegistry registry https://registry.npmjs.org/
19 silly mapToRegistry uri https://registry.npmjs.org/nunjucks
20 verbose addNameVersion registry:https://registry.npmjs.org/nunjucks not in flight; fetching
21 verbose request uri https://registry.npmjs.org/nunjucks
22 verbose request no auth needed
23 info attempt registry request try #1 at 15:53:50
24 verbose request id f079c6a0d370d856
25 verbose etag "2G5IYNVLIHRRT25G5KRI2TZQE"
26 http request GET https://registry.npmjs.org/nunjucks
27 http 200 https://registry.npmjs.org/nunjucks
28 verbose headers { server: 'nginx/1.10.3',
28 verbose headers   'content-type': 'application/json',
28 verbose headers   'last-modified': 'Thu, 20 Jul 2017 07:34:55 GMT',
28 verbose headers   etag: 'W/"59705d1f-ed1b"',
28 verbose headers   'content-encoding': 'gzip',
28 verbose headers   'cache-control': 'max-age=300',
28 verbose headers   'content-length': '6479',
28 verbose headers   'accept-ranges': 'bytes',
28 verbose headers   date: 'Wed, 02 Aug 2017 07:53:56 GMT',
28 verbose headers   via: '1.1 varnish',
28 verbose headers   age: '11',
28 verbose headers   connection: 'keep-alive',
28 verbose headers   'x-served-by': 'cache-nrt6133-NRT',
28 verbose headers   'x-cache': 'HIT',
28 verbose headers   'x-cache-hits': '1',
28 verbose headers   'x-timer': 'S1501660437.794042,VS0,VE0',
28 verbose headers   vary: 'Accept-Encoding, Accept' }
29 silly get cb [ 200,
29 silly get   { server: 'nginx/1.10.3',
29 silly get     'content-type': 'application/json',
29 silly get     'last-modified': 'Thu, 20 Jul 2017 07:34:55 GMT',
29 silly get     etag: 'W/"59705d1f-ed1b"',
29 silly get     'content-encoding': 'gzip',
29 silly get     'cache-control': 'max-age=300',
29 silly get     'content-length': '6479',
29 silly get     'accept-ranges': 'bytes',
29 silly get     date: 'Wed, 02 Aug 2017 07:53:56 GMT',
29 silly get     via: '1.1 varnish',
29 silly get     age: '11',
29 silly get     connection: 'keep-alive',
29 silly get     'x-served-by': 'cache-nrt6133-NRT',
29 silly get     'x-cache': 'HIT',
29 silly get     'x-cache-hits': '1',
29 silly get     'x-timer': 'S1501660437.794042,VS0,VE0',
29 silly get     vary: 'Accept-Encoding, Accept' } ]
30 verbose get saving nunjucks to C:\Users\liyanan\AppData\Roaming\npm-cache\registry.npmjs.org\nunjucks\.cache.json
31 warn deprecated nunjucks@2.4.2: potential XSS vulnerability in autoescape mode, and with escape filter was fixed in v2.4.3
32 silly mapToRegistry name nunjucks
33 silly mapToRegistry using default registry
34 silly mapToRegistry registry https://registry.npmjs.org/
35 silly mapToRegistry uri https://registry.npmjs.org/nunjucks
36 verbose addRemoteTarball https://registry.npmjs.org/nunjucks/-/nunjucks-2.4.2.tgz not in flight; adding
37 verbose addRemoteTarball [ 'https://registry.npmjs.org/nunjucks/-/nunjucks-2.4.2.tgz',
37 verbose addRemoteTarball   '8270abe58118d7dbb836ac29491f413ce68e93df' ]
38 info retry fetch attempt 1 at 15:53:57
39 info attempt registry request try #1 at 15:53:57
40 http fetch GET https://registry.npmjs.org/nunjucks/-/nunjucks-2.4.2.tgz
41 http fetch 200 https://registry.npmjs.org/nunjucks/-/nunjucks-2.4.2.tgz
42 silly fetchAndShaCheck shasum 8270abe58118d7dbb836ac29491f413ce68e93df
43 verbose addTmpTarball C:\Users\liyanan\AppData\Local\Temp\npm-4612-dbe5924c\registry.npmjs.org\nunjucks\-\nunjucks-2.4.2.tgz not in flight; adding
44 verbose addTmpTarball already have metadata; skipping unpack for nunjucks@2.4.2
45 silly cache afterAdd nunjucks@2.4.2
46 verbose afterAdd C:\Users\liyanan\AppData\Roaming\npm-cache\nunjucks\2.4.2\package\package.json not in flight; writing
47 verbose afterAdd C:\Users\liyanan\AppData\Roaming\npm-cache\nunjucks\2.4.2\package\package.json written
48 silly install resolved [ { name: 'nunjucks',
48 silly install resolved     description: 'A powerful templating engine with inheritance, asynchronous control, and more (jinja2 inspired)',
48 silly install resolved     version: '2.4.2',
48 silly install resolved     author: { name: 'James Long', email: 'longster@gmail.com' },
48 silly install resolved     dependencies: { asap: '^2.0.3', chokidar: '^1.0.0', yargs: '^3.32.0' },
48 silly install resolved     browser: './browser/nunjucks.js',
48 silly install resolved     devDependencies:
48 silly install resolved      { 'expect.js': '*',
48 silly install resolved        express: '4.x',
48 silly install resolved        istanbul: '0.3.x',
48 silly install resolved        jshint: '2.8.x',
48 silly install resolved        mocha: '*',
48 silly install resolved        'node-libs-browser': '^0.4.3',
48 silly install resolved        supertest: '*',
48 silly install resolved        'uglify-js': '*',
48 silly install resolved        webpack: '^1.8.11' },
48 silly install resolved     engines: { node: '*' },
48 silly install resolved     scripts:
48 silly install resolved      { lint: 'jshint .',
48 silly install resolved        test: 'jshint . && istanbul cover ./node_modules/mocha/bin/_mocha -- -b -R tap tests',
48 silly install resolved        browserfiles: './bin/bundle' },
48 silly install resolved     bin: { 'nunjucks-precompile': './bin/precompile' },
48 silly install resolved     main: 'index',
48 silly install resolved     repository:
48 silly install resolved      { type: 'git',
48 silly install resolved        url: 'git+https://github.com/mozilla/nunjucks.git' },
48 silly install resolved     keywords: [ 'template', 'templating' ],
48 silly install resolved     license: 'BSD-2-Clause',
48 silly install resolved     bugs: { url: 'https://github.com/mozilla/nunjucks/issues' },
48 silly install resolved     gitHead: '7faaf2c6d23f771bc03bc7b56d3dd0a942ab8643',
48 silly install resolved     homepage: 'https://github.com/mozilla/nunjucks#readme',
48 silly install resolved     _id: 'nunjucks@2.4.2',
48 silly install resolved     _shasum: '8270abe58118d7dbb836ac29491f413ce68e93df',
48 silly install resolved     _from: 'nunjucks@2.4.2',
48 silly install resolved     _npmVersion: '2.15.1',
48 silly install resolved     _nodeVersion: '4.4.3',
48 silly install resolved     _npmUser: { name: 'carljm', email: 'carl@oddbird.net' },
48 silly install resolved     maintainers: [ [Object], [Object], [Object] ],
48 silly install resolved     dist:
48 silly install resolved      { shasum: '8270abe58118d7dbb836ac29491f413ce68e93df',
48 silly install resolved        tarball: 'https://registry.npmjs.org/nunjucks/-/nunjucks-2.4.2.tgz' },
48 silly install resolved     _npmOperationalInternal:
48 silly install resolved      { host: 'packages-16-east.internal.npmjs.com',
48 silly install resolved        tmp: 'tmp/nunjucks-2.4.2.tgz_1460755844480_0.5301353889517486' },
48 silly install resolved     deprecated: 'potential XSS vulnerability in autoescape mode, and with escape filter was fixed in v2.4.3',
48 silly install resolved     directories: {},
48 silly install resolved     _resolved: 'https://registry.npmjs.org/nunjucks/-/nunjucks-2.4.2.tgz' } ]
49 info install nunjucks@2.4.2 into E:\workspace\node\use-nunjucks
50 info installOne nunjucks@2.4.2
51 verbose installOne of nunjucks to E:\workspace\node\use-nunjucks not in flight; installing
52 verbose lock using C:\Users\liyanan\AppData\Roaming\npm-cache\_locks\nunjucks-a2b53cf618a5ddc7.lock for E:\workspace\node\use-nunjucks\node_modules\nunjucks
53 silly install write writing nunjucks 2.4.2 to E:\workspace\node\use-nunjucks\node_modules\nunjucks
54 verbose unbuild node_modules\nunjucks
55 silly gentlyRm E:\workspace\node\use-nunjucks\node_modules\nunjucks is being purged from base E:\workspace\node\use-nunjucks
56 verbose gentlyRm don't care about contents; nuking E:\workspace\node\use-nunjucks\node_modules\nunjucks
57 verbose tar unpack C:\Users\liyanan\AppData\Roaming\npm-cache\nunjucks\2.4.2\package.tgz
58 verbose tar unpacking to E:\workspace\node\use-nunjucks\node_modules\nunjucks
59 silly gentlyRm E:\workspace\node\use-nunjucks\node_modules\nunjucks is being purged
60 verbose gentlyRm don't care about contents; nuking E:\workspace\node\use-nunjucks\node_modules\nunjucks
61 silly gunzTarPerm modes [ '777', '666' ]
62 silly gunzTarPerm extractEntry package.json
63 silly gunzTarPerm modified mode [ 'package.json', 436, 438 ]
64 silly gunzTarPerm extractEntry .npmignore
65 silly gunzTarPerm modified mode [ '.npmignore', 436, 438 ]
66 silly gunzTarPerm extractEntry README.md
67 silly gunzTarPerm modified mode [ 'README.md', 436, 438 ]
68 silly gunzTarPerm extractEntry LICENSE
69 silly gunzTarPerm modified mode [ 'LICENSE', 436, 438 ]
70 silly gunzTarPerm extractEntry index.js
71 silly gunzTarPerm modified mode [ 'index.js', 436, 438 ]
72 silly gunzTarPerm extractEntry CHANGELOG.md
73 silly gunzTarPerm modified mode [ 'CHANGELOG.md', 436, 438 ]
74 silly gunzTarPerm extractEntry CONTRIBUTING.md
75 silly gunzTarPerm modified mode [ 'CONTRIBUTING.md', 436, 438 ]
76 silly gunzTarPerm extractEntry .jshintignore
77 silly gunzTarPerm modified mode [ '.jshintignore', 436, 438 ]
78 silly gunzTarPerm extractEntry MAINTENANCE.md
79 silly gunzTarPerm modified mode [ 'MAINTENANCE.md', 436, 438 ]
80 silly gunzTarPerm extractEntry .jshintrc
81 silly gunzTarPerm modified mode [ '.jshintrc', 436, 438 ]
82 silly gunzTarPerm extractEntry appveyor.yml
83 silly gunzTarPerm modified mode [ 'appveyor.yml', 436, 438 ]
84 silly gunzTarPerm extractEntry bin/bundle.js
85 silly gunzTarPerm modified mode [ 'bin/bundle.js', 509, 511 ]
86 silly gunzTarPerm extractEntry bin/bundle
87 silly gunzTarPerm modified mode [ 'bin/bundle', 509, 511 ]
88 silly gunzTarPerm extractEntry bin/precompile
89 silly gunzTarPerm modified mode [ 'bin/precompile', 509, 511 ]
90 silly gunzTarPerm extractEntry bin/precompile.cmd
91 silly gunzTarPerm modified mode [ 'bin/precompile.cmd', 436, 438 ]
92 silly gunzTarPerm extractEntry bower.json
93 silly gunzTarPerm modified mode [ 'bower.json', 436, 438 ]
94 silly gunzTarPerm extractEntry browser/nunjucks-slim.js
95 silly gunzTarPerm modified mode [ 'browser/nunjucks-slim.js', 436, 438 ]
96 silly gunzTarPerm extractEntry browser/nunjucks-slim.min.js
97 silly gunzTarPerm modified mode [ 'browser/nunjucks-slim.min.js', 436, 438 ]
98 silly gunzTarPerm extractEntry browser/nunjucks.js
99 silly gunzTarPerm modified mode [ 'browser/nunjucks.js', 436, 438 ]
100 silly gunzTarPerm extractEntry browser/nunjucks.min.js
101 silly gunzTarPerm modified mode [ 'browser/nunjucks.min.js', 436, 438 ]
102 silly gunzTarPerm extractEntry contribute.json
103 silly gunzTarPerm modified mode [ 'contribute.json', 436, 438 ]
104 silly gunzTarPerm extractEntry .dir-locals.el
105 silly gunzTarPerm modified mode [ '.dir-locals.el', 436, 438 ]
106 silly gunzTarPerm extractEntry src/compiler.js
107 silly gunzTarPerm modified mode [ 'src/compiler.js', 436, 438 ]
108 silly gunzTarPerm extractEntry src/lib.js
109 silly gunzTarPerm modified mode [ 'src/lib.js', 436, 438 ]
110 silly gunzTarPerm extractEntry src/loader.js
111 silly gunzTarPerm modified mode [ 'src/loader.js', 436, 438 ]
112 silly gunzTarPerm extractEntry src/loaders.js
113 silly gunzTarPerm modified mode [ 'src/loaders.js', 436, 438 ]
114 silly gunzTarPerm extractEntry src/lexer.js
115 silly gunzTarPerm modified mode [ 'src/lexer.js', 436, 438 ]
116 silly gunzTarPerm extractEntry src/nodes.js
117 silly gunzTarPerm modified mode [ 'src/nodes.js', 436, 438 ]
118 silly gunzTarPerm extractEntry src/object.js
119 silly gunzTarPerm modified mode [ 'src/object.js', 436, 438 ]
120 silly gunzTarPerm extractEntry src/parser.js
121 silly gunzTarPerm modified mode [ 'src/parser.js', 436, 438 ]
122 silly gunzTarPerm extractEntry src/precompile-global.js
123 silly gunzTarPerm modified mode [ 'src/precompile-global.js', 436, 438 ]
124 silly gunzTarPerm extractEntry src/precompile.js
125 silly gunzTarPerm modified mode [ 'src/precompile.js', 436, 438 ]
126 silly gunzTarPerm extractEntry src/jinja-compat.js
127 silly gunzTarPerm modified mode [ 'src/jinja-compat.js', 436, 438 ]
128 silly gunzTarPerm extractEntry src/precompiled-loader.js
129 silly gunzTarPerm modified mode [ 'src/precompiled-loader.js', 436, 438 ]
130 silly gunzTarPerm extractEntry src/globals.js
131 silly gunzTarPerm modified mode [ 'src/globals.js', 436, 438 ]
132 silly gunzTarPerm extractEntry src/runtime.js
133 silly gunzTarPerm modified mode [ 'src/runtime.js', 436, 438 ]
134 silly gunzTarPerm extractEntry src/filters.js
135 silly gunzTarPerm modified mode [ 'src/filters.js', 436, 438 ]
136 silly gunzTarPerm extractEntry src/transformer.js
137 silly gunzTarPerm modified mode [ 'src/transformer.js', 436, 438 ]
138 silly gunzTarPerm extractEntry src/environment.js
139 silly gunzTarPerm modified mode [ 'src/environment.js', 436, 438 ]
140 silly gunzTarPerm extractEntry src/web-loaders.js
141 silly gunzTarPerm modified mode [ 'src/web-loaders.js', 436, 438 ]
142 silly gunzTarPerm extractEntry src/node-loaders.js
143 silly gunzTarPerm modified mode [ 'src/node-loaders.js', 436, 438 ]
144 silly gunzTarPerm extractEntry .travis.yml
145 silly gunzTarPerm modified mode [ '.travis.yml', 436, 438 ]
146 verbose write writing to E:\workspace\node\use-nunjucks\node_modules\nunjucks\package.json
147 info preinstall nunjucks@2.4.2
148 verbose readDependencies loading dependencies from E:\workspace\node\use-nunjucks\node_modules\nunjucks\package.json
149 silly prepareForInstallMany adding asap@^2.0.3 from nunjucks dependencies
150 silly prepareForInstallMany adding chokidar@^1.0.0 from nunjucks dependencies
151 silly prepareForInstallMany adding yargs@^3.32.0 from nunjucks dependencies
152 verbose readDependencies loading dependencies from E:\workspace\node\use-nunjucks\node_modules\nunjucks\package.json
153 silly cache add args [ 'asap@^2.0.3', null ]
154 verbose cache add spec asap@^2.0.3
155 silly cache add args [ 'chokidar@^1.0.0', null ]
156 verbose cache add spec chokidar@^1.0.0
157 silly cache add parsed spec Result {
157 silly cache add   raw: 'asap@^2.0.3',
157 silly cache add   scope: null,
157 silly cache add   name: 'asap',
157 silly cache add   rawSpec: '^2.0.3',
157 silly cache add   spec: '>=2.0.3 <3.0.0',
157 silly cache add   type: 'range' }
158 silly addNamed asap@>=2.0.3 <3.0.0
159 verbose addNamed ">=2.0.3 <3.0.0" is a valid semver range for asap
160 silly addNameRange { name: 'asap', range: '>=2.0.3 <3.0.0', hasData: false }
161 silly mapToRegistry name asap
162 silly mapToRegistry using default registry
163 silly mapToRegistry registry https://registry.npmjs.org/
164 silly mapToRegistry uri https://registry.npmjs.org/asap
165 verbose addNameRange registry:https://registry.npmjs.org/asap not in flight; fetching
166 silly cache add parsed spec Result {
166 silly cache add   raw: 'chokidar@^1.0.0',
166 silly cache add   scope: null,
166 silly cache add   name: 'chokidar',
166 silly cache add   rawSpec: '^1.0.0',
166 silly cache add   spec: '>=1.0.0 <2.0.0',
166 silly cache add   type: 'range' }
167 silly addNamed chokidar@>=1.0.0 <2.0.0
168 verbose addNamed ">=1.0.0 <2.0.0" is a valid semver range for chokidar
169 silly addNameRange { name: 'chokidar', range: '>=1.0.0 <2.0.0', hasData: false }
170 silly mapToRegistry name chokidar
171 silly mapToRegistry using default registry
172 silly mapToRegistry registry https://registry.npmjs.org/
173 silly mapToRegistry uri https://registry.npmjs.org/chokidar
174 verbose addNameRange registry:https://registry.npmjs.org/chokidar not in flight; fetching
175 silly cache add args [ 'yargs@^3.32.0', null ]
176 verbose cache add spec yargs@^3.32.0
177 silly cache add parsed spec Result {
177 silly cache add   raw: 'yargs@^3.32.0',
177 silly cache add   scope: null,
177 silly cache add   name: 'yargs',
177 silly cache add   rawSpec: '^3.32.0',
177 silly cache add   spec: '>=3.32.0 <4.0.0',
177 silly cache add   type: 'range' }
178 silly addNamed yargs@>=3.32.0 <4.0.0
179 verbose addNamed ">=3.32.0 <4.0.0" is a valid semver range for yargs
180 silly addNameRange { name: 'yargs', range: '>=3.32.0 <4.0.0', hasData: false }
181 silly mapToRegistry name yargs
182 silly mapToRegistry using default registry
183 silly mapToRegistry registry https://registry.npmjs.org/
184 silly mapToRegistry uri https://registry.npmjs.org/yargs
185 verbose addNameRange registry:https://registry.npmjs.org/yargs not in flight; fetching
186 verbose request uri https://registry.npmjs.org/asap
187 verbose request no auth needed
188 info attempt registry request try #1 at 15:54:00
189 verbose etag W/"59639b80-6e6c"
190 verbose lastModified Mon, 10 Jul 2017 15:21:36 GMT
191 http request GET https://registry.npmjs.org/asap
192 verbose request uri https://registry.npmjs.org/chokidar
193 verbose request no auth needed
194 info attempt registry request try #1 at 15:54:00
195 verbose etag W/"59631d94-1c4a5"
196 verbose lastModified Mon, 10 Jul 2017 06:24:20 GMT
197 http request GET https://registry.npmjs.org/chokidar
198 verbose request uri https://registry.npmjs.org/yargs
199 verbose request no auth needed
200 info attempt registry request try #1 at 15:54:00
201 verbose etag "5XWIUCMRJ0VTFYJ1CDKPE60KY"
202 http request GET https://registry.npmjs.org/yargs
203 http 200 https://registry.npmjs.org/asap
204 verbose headers { server: 'nginx/1.10.1',
204 verbose headers   'content-type': 'application/json',
204 verbose headers   'last-modified': 'Tue, 01 Aug 2017 16:38:17 GMT',
204 verbose headers   etag: 'W/"5980ae79-6e7e"',
204 verbose headers   'content-encoding': 'gzip',
204 verbose headers   'cache-control': 'max-age=300',
204 verbose headers   'content-length': '6698',
204 verbose headers   'accept-ranges': 'bytes',
204 verbose headers   date: 'Wed, 02 Aug 2017 07:54:07 GMT',
204 verbose headers   via: '1.1 varnish',
204 verbose headers   age: '138',
204 verbose headers   connection: 'keep-alive',
204 verbose headers   'x-served-by': 'cache-nrt6125-NRT',
204 verbose headers   'x-cache': 'HIT',
204 verbose headers   'x-cache-hits': '3',
204 verbose headers   'x-timer': 'S1501660447.157537,VS0,VE0',
204 verbose headers   vary: 'Accept-Encoding, Accept' }
205 silly get cb [ 200,
205 silly get   { server: 'nginx/1.10.1',
205 silly get     'content-type': 'application/json',
205 silly get     'last-modified': 'Tue, 01 Aug 2017 16:38:17 GMT',
205 silly get     etag: 'W/"5980ae79-6e7e"',
205 silly get     'content-encoding': 'gzip',
205 silly get     'cache-control': 'max-age=300',
205 silly get     'content-length': '6698',
205 silly get     'accept-ranges': 'bytes',
205 silly get     date: 'Wed, 02 Aug 2017 07:54:07 GMT',
205 silly get     via: '1.1 varnish',
205 silly get     age: '138',
205 silly get     connection: 'keep-alive',
205 silly get     'x-served-by': 'cache-nrt6125-NRT',
205 silly get     'x-cache': 'HIT',
205 silly get     'x-cache-hits': '3',
205 silly get     'x-timer': 'S1501660447.157537,VS0,VE0',
205 silly get     vary: 'Accept-Encoding, Accept' } ]
206 verbose get saving asap to C:\Users\liyanan\AppData\Roaming\npm-cache\registry.npmjs.org\asap\.cache.json
207 silly addNameRange number 2 { name: 'asap', range: '>=2.0.3 <3.0.0', hasData: true }
208 silly addNameRange versions [ 'asap',
208 silly addNameRange   [ '0.0.0',
208 silly addNameRange     '1.0.0',
208 silly addNameRange     '2.0.0',
208 silly addNameRange     '2.0.1',
208 silly addNameRange     '2.0.2',
208 silly addNameRange     '2.0.3',
208 silly addNameRange     '2.0.4',
208 silly addNameRange     '2.0.5',
208 silly addNameRange     '2.0.6' ] ]
209 silly addNamed asap@2.0.6
210 verbose addNamed "2.0.6" is a plain semver version for asap
211 silly cache afterAdd asap@2.0.6
212 verbose afterAdd C:\Users\liyanan\AppData\Roaming\npm-cache\asap\2.0.6\package\package.json not in flight; writing
213 verbose afterAdd C:\Users\liyanan\AppData\Roaming\npm-cache\asap\2.0.6\package\package.json written
214 info retry will retry, error on last attempt: Error: connect ETIMEDOUT 151.101.72.162:443
215 info attempt registry request try #2 at 15:54:31
216 verbose etag "5XWIUCMRJ0VTFYJ1CDKPE60KY"
217 http request GET https://registry.npmjs.org/yargs
218 http 200 https://registry.npmjs.org/yargs
219 verbose headers { server: 'nginx/1.10.3',
219 verbose headers   'content-type': 'application/json',
219 verbose headers   'last-modified': 'Tue, 01 Aug 2017 16:19:57 GMT',
219 verbose headers   etag: 'W/"5980aa2d-42530"',
219 verbose headers   'content-encoding': 'gzip',
219 verbose headers   'cache-control': 'max-age=300',
219 verbose headers   'content-length': '21167',
219 verbose headers   'accept-ranges': 'bytes',
219 verbose headers   date: 'Wed, 02 Aug 2017 07:54:31 GMT',
219 verbose headers   via: '1.1 varnish',
219 verbose headers   age: '118',
219 verbose headers   connection: 'keep-alive',
219 verbose headers   'x-served-by': 'cache-nrt6120-NRT',
219 verbose headers   'x-cache': 'HIT',
219 verbose headers   'x-cache-hits': '7',
219 verbose headers   'x-timer': 'S1501660472.640598,VS0,VE0',
219 verbose headers   vary: 'Accept-Encoding, Accept' }
220 silly get cb [ 200,
220 silly get   { server: 'nginx/1.10.3',
220 silly get     'content-type': 'application/json',
220 silly get     'last-modified': 'Tue, 01 Aug 2017 16:19:57 GMT',
220 silly get     etag: 'W/"5980aa2d-42530"',
220 silly get     'content-encoding': 'gzip',
220 silly get     'cache-control': 'max-age=300',
220 silly get     'content-length': '21167',
220 silly get     'accept-ranges': 'bytes',
220 silly get     date: 'Wed, 02 Aug 2017 07:54:31 GMT',
220 silly get     via: '1.1 varnish',
220 silly get     age: '118',
220 silly get     connection: 'keep-alive',
220 silly get     'x-served-by': 'cache-nrt6120-NRT',
220 silly get     'x-cache': 'HIT',
220 silly get     'x-cache-hits': '7',
220 silly get     'x-timer': 'S1501660472.640598,VS0,VE0',
220 silly get     vary: 'Accept-Encoding, Accept' } ]
221 verbose get saving yargs to C:\Users\liyanan\AppData\Roaming\npm-cache\registry.npmjs.org\yargs\.cache.json
222 silly addNameRange number 2 { name: 'yargs', range: '>=3.32.0 <4.0.0', hasData: true }
223 silly addNameRange versions [ 'yargs',
223 silly addNameRange   [ '1.0.0',
223 silly addNameRange     '1.0.1',
223 silly addNameRange     '1.0.3',
223 silly addNameRange     '1.0.4',
223 silly addNameRange     '1.0.5',
223 silly addNameRange     '1.0.6',
223 silly addNameRange     '1.0.7',
223 silly addNameRange     '1.0.8',
223 silly addNameRange     '1.0.9',
223 silly addNameRange     '1.0.10',
223 silly addNameRange     '1.0.11',
223 silly addNameRange     '1.0.12',
223 silly addNameRange     '1.0.13',
223 silly addNameRange     '1.0.15',
223 silly addNameRange     '1.1.0',
223 silly addNameRange     '1.1.1',
223 silly addNameRange     '1.1.2',
223 silly addNameRange     '1.1.3',
223 silly addNameRange     '1.2.0',
223 silly addNameRange     '1.2.1',
223 silly addNameRange     '1.2.2',
223 silly addNameRange     '1.2.3',
223 silly addNameRange     '1.2.4',
223 silly addNameRange     '1.2.5',
223 silly addNameRange     '1.2.6',
223 silly addNameRange     '1.3.0',
223 silly addNameRange     '1.3.1',
223 silly addNameRange     '1.3.2',
223 silly addNameRange     '1.3.3',
223 silly addNameRange     '2.1.1',
223 silly addNameRange     '2.3.0',
223 silly addNameRange     '3.0.0',
223 silly addNameRange     '3.0.1',
223 silly addNameRange     '3.0.2',
223 silly addNameRange     '3.0.3',
223 silly addNameRange     '3.0.4',
223 silly addNameRange     '3.1.0',
223 silly addNameRange     '3.2.1',
223 silly addNameRange     '3.3.1',
223 silly addNameRange     '3.4.0',
223 silly addNameRange     '3.4.4',
223 silly addNameRange     '3.4.5',
223 silly addNameRange     '3.5.0',
223 silly addNameRange     '3.5.1',
223 silly addNameRange     '3.5.2',
223 silly addNameRange     '3.5.3',
223 silly addNameRange     '3.5.4',
223 silly addNameRange     '3.6.0',
223 silly addNameRange     '3.7.0',
223 silly addNameRange     '3.7.1',
223 silly addNameRange     '3.7.2',
223 silly addNameRange     '3.8.0',
223 silly addNameRange     '3.9.0',
223 silly addNameRange     '3.9.1',
223 silly addNameRange     '3.10.0',
223 silly addNameRange     '3.11.0',
223 silly addNameRange     '3.12.0',
223 silly addNameRange     '3.13.0',
223 silly addNameRange     '3.14.0',
223 silly addNameRange     '3.15.0',
223 silly addNameRange     '3.16.0',
223 silly addNameRange     '3.16.1',
223 silly addNameRange     '3.17.1',
223 silly addNameRange     '3.18.0',
223 silly addNameRange     '3.18.1',
223 silly addNameRange     '3.19.0',
223 silly addNameRange     '3.20.0',
223 silly addNameRange     '3.21.0',
223 silly addNameRange     '3.21.1',
223 silly addNameRange     '3.22.0',
223 silly addNameRange     '3.22.1',
223 silly addNameRange     '3.22.2',
223 silly addNameRange     '3.23.0',
223 silly addNameRange     '3.24.0',
223 silly addNameRange     '3.25.0',
223 silly addNameRange     '3.26.0',
223 silly addNameRange     '3.27.0',
223 silly addNameRange     '3.28.0',
223 silly addNameRange     '3.29.0',
223 silly addNameRange     '3.30.0',
223 silly addNameRange     '3.31.0',
223 silly addNameRange     '3.32.0',
223 silly addNameRange     '4.0.0-alpha1',
223 silly addNameRange     '4.0.0-alpha2',
223 silly addNameRange     '4.0.0-alpha3',
223 silly addNameRange     '4.0.0-alpha4',
223 silly addNameRange     '4.0.0-alpha5',
223 silly addNameRange     '4.0.0',
223 silly addNameRange     '4.1.0',
223 silly addNameRange     '4.2.0',
223 silly addNameRange     '4.3.0',
223 silly addNameRange     '4.3.1',
223 silly addNameRange     '4.3.2',
223 silly addNameRange     '4.4.0',
223 silly addNameRange     '4.5.0',
223 silly addNameRange     '4.6.0-candidate',
223 silly addNameRange     '4.6.0',
223 silly addNameRange     '4.7.0-pre',
223 silly addNameRange     '4.7.0',
223 silly addNameRange     '4.7.1',
223 silly addNameRange     '4.8.0-candidate',
223 silly addNameRange     '4.8.0-candidate2',
223 silly addNameRange     '4.8.0-candidate3',
223 silly addNameRange     '4.8.0',
223 silly addNameRange     '4.8.1-candidate',
223 silly addNameRange     '4.8.1',
223 silly addNameRange     '5.0.0-candidate',
223 silly addNameRange     '5.0.0',
223 silly addNameRange     '6.0.0-alpha.1',
223 silly addNameRange     '6.0.0',
223 silly addNameRange     '6.1.0-candidate',
223 silly addNameRange     '6.1.1-candidate',
223 silly addNameRange     '6.1.1',
223 silly addNameRange     '6.2.0-candidate',
223 silly addNameRange     '6.2.0',
223 silly addNameRange     '6.3.0-candidate',
223 silly addNameRange     '6.3.0',
223 silly addNameRange     '6.4.0',
223 silly addNameRange     '6.5.0',
223 silly addNameRange     '6.6.0-candidate.0',
223 silly addNameRange     '6.6.0',
223 silly addNameRange     '6.6.1-candidate.0',
223 silly addNameRange     '6.6.1-candidate.1',
223 silly addNameRange     '6.6.1-candidate.2',
223 silly addNameRange     '6.6.1-candidate.3',
223 silly addNameRange     '6.6.1-candidate.4',
223 silly addNameRange     '7.0.0-alpha.1',
223 silly addNameRange     '7.0.0-alpha.2',
223 silly addNameRange     '7.0.0-alpha.3',
223 silly addNameRange     '7.0.0',
223 silly addNameRange     '7.0.1',
223 silly addNameRange     '7.0.2-candidate.1',
223 silly addNameRange     '7.0.2',
223 silly addNameRange     '7.1.0',
223 silly addNameRange     '8.0.0-candidate.0',
223 silly addNameRange     '8.0.0-candidate.1',
223 silly addNameRange     '8.0.0',
223 silly addNameRange     '8.0.1',
223 silly addNameRange     '8.0.2' ] ]
224 silly addNamed yargs@3.32.0
225 verbose addNamed "3.32.0" is a plain semver version for yargs
226 silly cache afterAdd yargs@3.32.0
227 verbose afterAdd C:\Users\liyanan\AppData\Roaming\npm-cache\yargs\3.32.0\package\package.json not in flight; writing
228 verbose afterAdd C:\Users\liyanan\AppData\Roaming\npm-cache\yargs\3.32.0\package\package.json written
229 http 200 https://registry.npmjs.org/chokidar
230 verbose headers { server: 'nginx/1.10.3',
230 verbose headers   'content-type': 'application/json',
230 verbose headers   'last-modified': 'Thu, 20 Jul 2017 12:31:52 GMT',
230 verbose headers   etag: 'W/"5970a2b8-1c4d8"',
230 verbose headers   'content-encoding': 'gzip',
230 verbose headers   'cache-control': 'max-age=300',
230 verbose headers   'content-length': '15278',
230 verbose headers   'accept-ranges': 'bytes',
230 verbose headers   date: 'Wed, 02 Aug 2017 07:57:23 GMT',
230 verbose headers   via: '1.1 varnish',
230 verbose headers   age: '260',
230 verbose headers   connection: 'keep-alive',
230 verbose headers   'x-served-by': 'cache-nrt6135-NRT',
230 verbose headers   'x-cache': 'HIT',
230 verbose headers   'x-cache-hits': '7',
230 verbose headers   'x-timer': 'S1501660644.529412,VS0,VE0',
230 verbose headers   vary: 'Accept-Encoding, Accept' }
231 silly get cb [ 200,
231 silly get   { server: 'nginx/1.10.3',
231 silly get     'content-type': 'application/json',
231 silly get     'last-modified': 'Thu, 20 Jul 2017 12:31:52 GMT',
231 silly get     etag: 'W/"5970a2b8-1c4d8"',
231 silly get     'content-encoding': 'gzip',
231 silly get     'cache-control': 'max-age=300',
231 silly get     'content-length': '15278',
231 silly get     'accept-ranges': 'bytes',
231 silly get     date: 'Wed, 02 Aug 2017 07:57:23 GMT',
231 silly get     via: '1.1 varnish',
231 silly get     age: '260',
231 silly get     connection: 'keep-alive',
231 silly get     'x-served-by': 'cache-nrt6135-NRT',
231 silly get     'x-cache': 'HIT',
231 silly get     'x-cache-hits': '7',
231 silly get     'x-timer': 'S1501660644.529412,VS0,VE0',
231 silly get     vary: 'Accept-Encoding, Accept' } ]
232 verbose get saving chokidar to C:\Users\liyanan\AppData\Roaming\npm-cache\registry.npmjs.org\chokidar\.cache.json
233 silly addNameRange number 2 { name: 'chokidar', range: '>=1.0.0 <2.0.0', hasData: true }
234 silly addNameRange versions [ 'chokidar',
234 silly addNameRange   [ '0.1.1',
234 silly addNameRange     '0.2.0',
234 silly addNameRange     '0.2.1',
234 silly addNameRange     '0.2.2',
234 silly addNameRange     '0.2.3',
234 silly addNameRange     '0.2.4',
234 silly addNameRange     '0.2.5',
234 silly addNameRange     '0.2.6',
234 silly addNameRange     '0.3.0',
234 silly addNameRange     '0.4.0',
234 silly addNameRange     '0.5.0',
234 silly addNameRange     '0.5.1',
234 silly addNameRange     '0.5.2',
234 silly addNameRange     '0.5.3',
234 silly addNameRange     '0.6.0',
234 silly addNameRange     '0.6.1',
234 silly addNameRange     '0.6.2',
234 silly addNameRange     '0.6.3',
234 silly addNameRange     '0.7.0',
234 silly addNameRange     '0.7.1',
234 silly addNameRange     '0.8.0',
234 silly addNameRange     '0.8.1',
234 silly addNameRange     '0.8.2',
234 silly addNameRange     '0.8.3',
234 silly addNameRange     '0.8.4',
234 silly addNameRange     '0.9.0',
234 silly addNameRange     '0.10.0',
234 silly addNameRange     '0.10.1',
234 silly addNameRange     '0.10.2',
234 silly addNameRange     '0.10.3',
234 silly addNameRange     '0.10.4',
234 silly addNameRange     '0.10.5',
234 silly addNameRange     '0.10.6',
234 silly addNameRange     '0.10.7',
234 silly addNameRange     '0.10.8',
234 silly addNameRange     '0.10.9',
234 silly addNameRange     '0.11.0',
234 silly addNameRange     '0.11.1',
234 silly addNameRange     '0.12.0',
234 silly addNameRange     '0.12.1',
234 silly addNameRange     '0.12.2',
234 silly addNameRange     '0.12.3',
234 silly addNameRange     '0.12.4',
234 silly addNameRange     '0.12.5',
234 silly addNameRange     '0.12.6',
234 silly addNameRange     '1.0.0-rc1',
234 silly addNameRange     '1.0.0-rc1.1',
234 silly addNameRange     '1.0.0-rc2',
234 silly addNameRange     '1.0.0-rc3',
234 silly addNameRange     '1.0.0-rc4',
234 silly addNameRange     '1.0.0-rc5',
234 silly addNameRange     '1.0.0',
234 silly addNameRange     '1.0.1',
234 silly addNameRange     '1.0.2',
234 silly addNameRange     '1.0.3',
234 silly addNameRange     '1.0.4',
234 silly addNameRange     '1.0.5',
234 silly addNameRange     '1.0.6',
234 silly addNameRange     '1.1.0',
234 silly addNameRange     '1.2.0',
234 silly addNameRange     '1.3.0',
234 silly addNameRange     '1.4.0',
234 silly addNameRange     '1.4.1',
234 silly addNameRange     '1.4.2',
234 silly addNameRange     '1.4.3',
234 silly addNameRange     '1.5.0',
234 silly addNameRange     '1.5.1',
234 silly addNameRange     '1.5.2',
234 silly addNameRange     '1.6.0',
234 silly addNameRange     '1.6.1',
234 silly addNameRange     '1.7.0' ] ]
235 silly addNamed chokidar@1.7.0
236 verbose addNamed "1.7.0" is a plain semver version for chokidar
237 silly cache afterAdd chokidar@1.7.0
238 verbose afterAdd C:\Users\liyanan\AppData\Roaming\npm-cache\chokidar\1.7.0\package\package.json not in flight; writing
239 verbose afterAdd C:\Users\liyanan\AppData\Roaming\npm-cache\chokidar\1.7.0\package\package.json written
240 silly install resolved [ { name: 'asap',
240 silly install resolved     version: '2.0.6',
240 silly install resolved     description: 'High-priority task queue for Node.js and browsers',
240 silly install resolved     keywords: [ 'event', 'task', 'queue' ],
240 silly install resolved     license: 'MIT',
240 silly install resolved     repository:
240 silly install resolved      { type: 'git',
240 silly install resolved        url: 'git+https://github.com/kriskowal/asap.git' },
240 silly install resolved     main: './asap.js',
240 silly install resolved     browser:
240 silly install resolved      { './asap': './browser-asap.js',
240 silly install resolved        './asap.js': './browser-asap.js',
240 silly install resolved        './raw': './browser-raw.js',
240 silly install resolved        './raw.js': './browser-raw.js',
240 silly install resolved        './test/domain.js': './test/browser-domain.js' },
240 silly install resolved     'react-native': { domain: false },
240 silly install resolved     files: [ 'raw.js', 'asap.js', 'browser-raw.js', 'browser-asap.js' ],
240 silly install resolved     scripts:
240 silly install resolved      { test: 'npm run lint && npm run test-node',
240 silly install resolved        'test-travis': 'npm run lint && npm run test-node && npm run test-saucelabs && npm run test-saucelabs-worker',
240 silly install resolved        'test-node': 'node test/asap-test.js',
240 silly install resolved        'test-publish': 'node scripts/publish-bundle.js test/asap-test.js | pbcopy',
240 silly install resolved        'test-browser': 'node scripts/publish-bundle.js test/asap-test.js | xargs opener',
240 silly install resolved        'test-saucelabs': 'node scripts/saucelabs.js test/asap-test.js scripts/saucelabs-spot-configurations.json',
240 silly install resolved        'test-saucelabs-all': 'node scripts/saucelabs.js test/asap-test.js scripts/saucelabs-all-configurations.json',
240 silly install resolved        'test-saucelabs-worker': 'node scripts/saucelabs-worker-test.js scripts/saucelabs-spot-configurations.json',
240 silly install resolved        'test-saucelabs-worker-all': 'node scripts/saucelabs-worker-test.js scripts/saucelabs-all-configurations.json',
240 silly install resolved        lint: 'jshint raw.js asap.js browser-raw.js browser-asap.js $(find scripts -name \'*.js\' | grep -v gauntlet)',
240 silly install resolved        benchmarks: 'node benchmarks' },
240 silly install resolved     devDependencies:
240 silly install resolved      { events: '^1.0.1',
240 silly install resolved        jshint: '^2.5.1',
240 silly install resolved        knox: '^0.8.10',
240 silly install resolved        mr: '^2.0.5',
240 silly install resolved        opener: '^1.3.0',
240 silly install resolved        q: '^2.0.3',
240 silly install resolved        'q-io': '^2.0.3',
240 silly install resolved        saucelabs: '^0.1.1',
240 silly install resolved        wd: '^0.2.21',
240 silly install resolved        'weak-map': '^1.0.5',
240 silly install resolved        benchmark: '^1.0.0' },
240 silly install resolved     gitHead: '3e3d99381444379bb0483cb9216caa39ac67bebb',
240 silly install resolved     bugs: { url: 'https://github.com/kriskowal/asap/issues' },
240 silly install resolved     homepage: 'https://github.com/kriskowal/asap#readme',
240 silly install resolved     _id: 'asap@2.0.6',
240 silly install resolved     _shasum: 'e50347611d7e690943208bbdafebcbc2fb866d46',
240 silly install resolved     _from: 'asap@>=2.0.3 <3.0.0',
240 silly install resolved     _npmVersion: '3.10.10',
240 silly install resolved     _nodeVersion: '6.9.5',
240 silly install resolved     _npmUser: { name: 'kriskowal', email: 'kris.kowal@cixar.com' },
240 silly install resolved     dist:
240 silly install resolved      { shasum: 'e50347611d7e690943208bbdafebcbc2fb866d46',
240 silly install resolved        tarball: 'https://registry.npmjs.org/asap/-/asap-2.0.6.tgz' },
240 silly install resolved     maintainers: [ [Object], [Object] ],
240 silly install resolved     _npmOperationalInternal:
240 silly install resolved      { host: 's3://npm-registry-packages',
240 silly install resolved        tmp: 'tmp/asap-2.0.6.tgz_1499700096673_0.1125483822543174' },
240 silly install resolved     directories: {},
240 silly install resolved     _resolved: 'https://registry.npmjs.org/asap/-/asap-2.0.6.tgz',
240 silly install resolved     readme: 'ERROR: No README data found!' },
240 silly install resolved   { name: 'yargs',
240 silly install resolved     version: '3.32.0',
240 silly install resolved     description: 'Light-weight option parsing with an argv hash. No optstrings attached.',
240 silly install resolved     main: './index.js',
240 silly install resolved     files: [ 'index.js', 'lib', 'locales', 'completion.sh.hbs', 'LICENSE' ],
240 silly install resolved     dependencies:
240 silly install resolved      { camelcase: '^2.0.1',
240 silly install resolved        cliui: '^3.0.3',
240 silly install resolved        decamelize: '^1.1.1',
240 silly install resolved        'os-locale': '^1.4.0',
240 silly install resolved        'string-width': '^1.0.1',
240 silly install resolved        'window-size': '^0.1.4',
240 silly install resolved        y18n: '^3.2.0' },
240 silly install resolved     devDependencies:
240 silly install resolved      { chai: '^3.4.1',
240 silly install resolved        chalk: '^1.1.1',
240 silly install resolved        coveralls: '^2.11.4',
240 silly install resolved        'es6-promise': '^3.0.2',
240 silly install resolved        hashish: '0.0.4',
240 silly install resolved        mocha: '^2.3.4',
240 silly install resolved        nyc: '^5.2.0',
240 silly install resolved        standard: '^5.4.1',
240 silly install resolved        which: '^1.1.2',
240 silly install resolved        'win-spawn': '^2.0.0' },
240 silly install resolved     scripts:
240 silly install resolved      { pretest: 'standard',
240 silly install resolved        test: 'nyc --cache mocha --timeout=4000 --check-leaks',
240 silly install resolved        coverage: 'nyc report --reporter=text-lcov | coveralls' },
240 silly install resolved     repository: { type: 'git', url: 'git+ssh://git@github.com/bcoe/yargs.git' },
240 silly install resolved     standard: { ignore: [Object], globals: [Object] },
240 silly install resolved     keywords:
240 silly install resolved      [ 'argument',
240 silly install resolved        'args',
240 silly install resolved        'option',
240 silly install resolved        'parser',
240 silly install resolved        'parsing',
240 silly install resolved        'cli',
240 silly install resolved        'command' ],
240 silly install resolved     author:
240 silly install resolved      { name: 'Alex Ford',
240 silly install resolved        email: 'Alex.Ford@CodeTunnel.com',
240 silly install resolved        url: 'http://CodeTunnel.com' },
240 silly install resolved     contributors:
240 silly install resolved      [ [Object],
240 silly install resolved        [Object],
240 silly install resolved        [Object],
240 silly install resolved        [Object],
240 silly install resolved        [Object],
240 silly install resolved        [Object],
240 silly install resolved        [Object] ],
240 silly install resolved     license: 'MIT',
240 silly install resolved     engine: { node: '>=0.10' },
240 silly install resolved     gitHead: 'e6eaddf457c27e71a0bbe156f17d2f82087f0d6f',
240 silly install resolved     bugs: { url: 'https://github.com/bcoe/yargs/issues' },
240 silly install resolved     homepage: 'https://github.com/bcoe/yargs#readme',
240 silly install resolved     _id: 'yargs@3.32.0',
240 silly install resolved     _shasum: '03088e9ebf9e756b69751611d2a5ef591482c995',
240 silly install resolved     _from: 'yargs@>=3.32.0 <4.0.0',
240 silly install resolved     _npmVersion: '3.3.0',
240 silly install resolved     _nodeVersion: '3.2.0',
240 silly install resolved     _npmUser: { name: 'bcoe', email: 'ben@npmjs.com' },
240 silly install resolved     dist:
240 silly install resolved      { shasum: '03088e9ebf9e756b69751611d2a5ef591482c995',
240 silly install resolved        tarball: 'https://registry.npmjs.org/yargs/-/yargs-3.32.0.tgz' },
240 silly install resolved     maintainers: [ [Object], [Object], [Object], [Object] ],
240 silly install resolved     directories: {},
240 silly install resolved     _resolved: 'https://registry.npmjs.org/yargs/-/yargs-3.32.0.tgz',
240 silly install resolved     readme: 'ERROR: No README data found!' },
240 silly install resolved   { name: 'chokidar',
240 silly install resolved     description: 'A neat wrapper around node.js fs.watch / fs.watchFile / fsevents.',
240 silly install resolved     version: '1.7.0',
240 silly install resolved     keywords:
240 silly install resolved      [ 'fs',
240 silly install resolved        'watch',
240 silly install resolved        'watchFile',
240 silly install resolved        'watcher',
240 silly install resolved        'watching',
240 silly install resolved        'file',
240 silly install resolved        'fsevents' ],
240 silly install resolved     homepage: 'https://github.com/paulmillr/chokidar',
240 silly install resolved     author: { name: 'Paul Miller', url: 'http://paulmillr.com' },
240 silly install resolved     repository:
240 silly install resolved      { type: 'git',
240 silly install resolved        url: 'git+https://github.com/paulmillr/chokidar.git' },
240 silly install resolved     bugs: { url: 'http://github.com/paulmillr/chokidar/issues' },
240 silly install resolved     license: 'MIT',
240 silly install resolved     scripts:
240 silly install resolved      { test: 'istanbul test node_modules/mocha/bin/_mocha',
240 silly install resolved        'ci-test': 'istanbul cover _mocha && cat ./coverage/lcov.info | coveralls' },
240 silly install resolved     files: [ 'index.js', 'lib/' ],
240 silly install resolved     devDependencies:
240 silly install resolved      { chai: '^3.2.0',
240 silly install resolved        coveralls: '^2.11.2',
240 silly install resolved        'graceful-fs': '4.1.4',
240 silly install resolved        istanbul: '^0.3.20',
240 silly install resolved        mocha: '^3.0.0',
240 silly install resolved        rimraf: '^2.4.3',
240 silly install resolved        sinon: '^1.10.3',
240 silly install resolved        'sinon-chai': '^2.6.0' },
240 silly install resolved     optionalDependencies: { fsevents: '^1.0.0' },
240 silly install resolved     dependencies:
240 silly install resolved      { anymatch: '^1.3.0',
240 silly install resolved        'async-each': '^1.0.0',
240 silly install resolved        'glob-parent': '^2.0.0',
240 silly install resolved        inherits: '^2.0.1',
240 silly install resolved        'is-binary-path': '^1.0.0',
240 silly install resolved        'is-glob': '^2.0.0',
240 silly install resolved        'path-is-absolute': '^1.0.0',
240 silly install resolved        readdirp: '^2.0.0',
240 silly install resolved        fsevents: '^1.0.0' },
240 silly install resolved     gitHead: '3b1071a6dd82397842f4f7dc63b72c703bd06275',
240 silly install resolved     _id: 'chokidar@1.7.0',
240 silly install resolved     _shasum: '798e689778151c8076b4b360e5edd28cda2bb468',
240 silly install resolved     _from: 'chokidar@>=1.0.0 <2.0.0',
240 silly install resolved     _npmVersion: '2.15.11',
240 silly install resolved     _nodeVersion: '4.6.2',
240 silly install resolved     _npmUser: { name: 'es128', email: 'elan.shanker+npm@gmail.com' },
240 silly install resolved     dist:
240 silly install resolved      { shasum: '798e689778151c8076b4b360e5edd28cda2bb468',
240 silly install resolved        tarball: 'https://registry.npmjs.org/chokidar/-/chokidar-1.7.0.tgz' },
240 silly install resolved     maintainers: [ [Object], [Object] ],
240 silly install resolved     _npmOperationalInternal:
240 silly install resolved      { host: 'packages-12-west.internal.npmjs.com',
240 silly install resolved        tmp: 'tmp/chokidar-1.7.0.tgz_1494269155265_0.519245742354542' },
240 silly install resolved     directories: {},
240 silly install resolved     _resolved: 'https://registry.npmjs.org/chokidar/-/chokidar-1.7.0.tgz',
240 silly install resolved     readme: 'ERROR: No README data found!' } ]
241 info install asap@2.0.6 into E:\workspace\node\use-nunjucks\node_modules\nunjucks
242 info install yargs@3.32.0 into E:\workspace\node\use-nunjucks\node_modules\nunjucks
243 info install chokidar@1.7.0 into E:\workspace\node\use-nunjucks\node_modules\nunjucks
244 info installOne asap@2.0.6
245 verbose installOne of asap to E:\workspace\node\use-nunjucks\node_modules\nunjucks not in flight; installing
246 info installOne yargs@3.32.0
247 verbose installOne of yargs to E:\workspace\node\use-nunjucks\node_modules\nunjucks not in flight; installing
248 info installOne chokidar@1.7.0
249 verbose installOne of chokidar to E:\workspace\node\use-nunjucks\node_modules\nunjucks not in flight; installing
250 verbose lock using C:\Users\liyanan\AppData\Roaming\npm-cache\_locks\asap-562b7c6ed4963004.lock for E:\workspace\node\use-nunjucks\node_modules\nunjucks\node_modules\asap
251 silly install write writing asap 2.0.6 to E:\workspace\node\use-nunjucks\node_modules\nunjucks\node_modules\asap
252 verbose lock using C:\Users\liyanan\AppData\Roaming\npm-cache\_locks\yargs-4efe8183c792af3c.lock for E:\workspace\node\use-nunjucks\node_modules\nunjucks\node_modules\yargs
253 verbose lock using C:\Users\liyanan\AppData\Roaming\npm-cache\_locks\chokidar-5c71326959abbe97.lock for E:\workspace\node\use-nunjucks\node_modules\nunjucks\node_modules\chokidar
254 silly install write writing yargs 3.32.0 to E:\workspace\node\use-nunjucks\node_modules\nunjucks\node_modules\yargs
255 silly install write writing chokidar 1.7.0 to E:\workspace\node\use-nunjucks\node_modules\nunjucks\node_modules\chokidar
256 verbose unbuild node_modules\nunjucks\node_modules\asap
257 verbose unbuild node_modules\nunjucks\node_modules\yargs
258 silly gentlyRm E:\workspace\node\use-nunjucks\node_modules\nunjucks\node_modules\asap is being purged from base E:\workspace\node\use-nunjucks
259 verbose gentlyRm don't care about contents; nuking E:\workspace\node\use-nunjucks\node_modules\nunjucks\node_modules\asap
260 verbose unbuild node_modules\nunjucks\node_modules\chokidar
261 verbose tar unpack C:\Users\liyanan\AppData\Roaming\npm-cache\asap\2.0.6\package.tgz
262 verbose tar unpacking to E:\workspace\node\use-nunjucks\node_modules\nunjucks\node_modules\asap
263 silly gentlyRm E:\workspace\node\use-nunjucks\node_modules\nunjucks\node_modules\asap is being purged
264 verbose gentlyRm don't care about contents; nuking E:\workspace\node\use-nunjucks\node_modules\nunjucks\node_modules\asap
265 silly gentlyRm E:\workspace\node\use-nunjucks\node_modules\nunjucks\node_modules\yargs is being purged from base E:\workspace\node\use-nunjucks
266 verbose gentlyRm don't care about contents; nuking E:\workspace\node\use-nunjucks\node_modules\nunjucks\node_modules\yargs
267 silly gunzTarPerm modes [ '777', '666' ]
268 verbose tar unpack C:\Users\liyanan\AppData\Roaming\npm-cache\yargs\3.32.0\package.tgz
269 verbose tar unpacking to E:\workspace\node\use-nunjucks\node_modules\nunjucks\node_modules\yargs
270 silly gentlyRm E:\workspace\node\use-nunjucks\node_modules\nunjucks\node_modules\yargs is being purged
271 verbose gentlyRm don't care about contents; nuking E:\workspace\node\use-nunjucks\node_modules\nunjucks\node_modules\yargs
272 silly gentlyRm E:\workspace\node\use-nunjucks\node_modules\nunjucks\node_modules\chokidar is being purged from base E:\workspace\node\use-nunjucks
273 verbose gentlyRm don't care about contents; nuking E:\workspace\node\use-nunjucks\node_modules\nunjucks\node_modules\chokidar
274 silly gunzTarPerm modes [ '777', '666' ]
275 verbose tar unpack C:\Users\liyanan\AppData\Roaming\npm-cache\chokidar\1.7.0\package.tgz
276 verbose tar unpacking to E:\workspace\node\use-nunjucks\node_modules\nunjucks\node_modules\chokidar
277 silly gentlyRm E:\workspace\node\use-nunjucks\node_modules\nunjucks\node_modules\chokidar is being purged
278 verbose gentlyRm don't care about contents; nuking E:\workspace\node\use-nunjucks\node_modules\nunjucks\node_modules\chokidar
279 silly gunzTarPerm modes [ '777', '666' ]
280 silly gunzTarPerm extractEntry package.json
281 silly gunzTarPerm modified mode [ 'package.json', 420, 438 ]
282 silly gunzTarPerm extractEntry package.json
283 silly gunzTarPerm modified mode [ 'package.json', 420, 438 ]
284 silly gunzTarPerm extractEntry README.md
285 silly gunzTarPerm modified mode [ 'README.md', 420, 438 ]
286 silly gunzTarPerm extractEntry asap.js
287 silly gunzTarPerm modified mode [ 'asap.js', 420, 438 ]
288 silly gunzTarPerm extractEntry package.json
289 silly gunzTarPerm modified mode [ 'package.json', 420, 438 ]
290 silly gunzTarPerm extractEntry README.md
291 silly gunzTarPerm modified mode [ 'README.md', 420, 438 ]
292 silly gunzTarPerm extractEntry index.js
293 silly gunzTarPerm modified mode [ 'index.js', 420, 438 ]
294 silly gunzTarPerm extractEntry CHANGELOG.md
295 silly gunzTarPerm modified mode [ 'CHANGELOG.md', 420, 438 ]
296 silly gunzTarPerm extractEntry lib/fsevents-handler.js
297 silly gunzTarPerm modified mode [ 'lib/fsevents-handler.js', 420, 438 ]
298 silly gunzTarPerm extractEntry lib/nodefs-handler.js
299 silly gunzTarPerm modified mode [ 'lib/nodefs-handler.js', 420, 438 ]
300 silly gunzTarPerm extractEntry README.md
301 silly gunzTarPerm modified mode [ 'README.md', 420, 438 ]
302 silly gunzTarPerm extractEntry LICENSE
303 silly gunzTarPerm modified mode [ 'LICENSE', 420, 438 ]
304 silly gunzTarPerm extractEntry index.js
305 silly gunzTarPerm modified mode [ 'index.js', 420, 438 ]
306 silly gunzTarPerm extractEntry completion.sh.hbs
307 silly gunzTarPerm modified mode [ 'completion.sh.hbs', 420, 438 ]
308 silly gunzTarPerm extractEntry CHANGELOG.md
309 silly gunzTarPerm modified mode [ 'CHANGELOG.md', 420, 438 ]
310 silly gunzTarPerm extractEntry lib/completion.js
311 silly gunzTarPerm modified mode [ 'lib/completion.js', 420, 438 ]
312 silly gunzTarPerm extractEntry lib/parser.js
313 silly gunzTarPerm modified mode [ 'lib/parser.js', 420, 438 ]
314 silly gunzTarPerm extractEntry lib/tokenize-arg-string.js
315 silly gunzTarPerm modified mode [ 'lib/tokenize-arg-string.js', 420, 438 ]
316 silly gunzTarPerm extractEntry lib/usage.js
317 silly gunzTarPerm modified mode [ 'lib/usage.js', 420, 438 ]
318 silly gunzTarPerm extractEntry lib/validation.js
319 silly gunzTarPerm modified mode [ 'lib/validation.js', 420, 438 ]
320 silly gunzTarPerm extractEntry locales/nb.json
321 silly gunzTarPerm modified mode [ 'locales/nb.json', 420, 438 ]
322 silly gunzTarPerm extractEntry locales/de.json
323 silly gunzTarPerm modified mode [ 'locales/de.json', 420, 438 ]
324 silly gunzTarPerm extractEntry locales/es.json
325 silly gunzTarPerm modified mode [ 'locales/es.json', 420, 438 ]
326 silly gunzTarPerm extractEntry locales/fr.json
327 silly gunzTarPerm modified mode [ 'locales/fr.json', 420, 438 ]
328 silly gunzTarPerm extractEntry locales/id.json
329 silly gunzTarPerm modified mode [ 'locales/id.json', 420, 438 ]
330 silly gunzTarPerm extractEntry locales/ja.json
331 silly gunzTarPerm modified mode [ 'locales/ja.json', 420, 438 ]
332 silly gunzTarPerm extractEntry locales/ko.json
333 silly gunzTarPerm modified mode [ 'locales/ko.json', 420, 438 ]
334 silly gunzTarPerm extractEntry locales/en.json
335 silly gunzTarPerm modified mode [ 'locales/en.json', 420, 438 ]
336 silly gunzTarPerm extractEntry locales/pirate.json
337 silly gunzTarPerm modified mode [ 'locales/pirate.json', 420, 438 ]
338 silly gunzTarPerm extractEntry locales/pl.json
339 silly gunzTarPerm modified mode [ 'locales/pl.json', 420, 438 ]
340 silly gunzTarPerm extractEntry locales/pt.json
341 silly gunzTarPerm modified mode [ 'locales/pt.json', 420, 438 ]
342 silly gunzTarPerm extractEntry locales/pt_BR.json
343 silly gunzTarPerm modified mode [ 'locales/pt_BR.json', 420, 438 ]
344 silly gunzTarPerm extractEntry locales/tr.json
345 silly gunzTarPerm modified mode [ 'locales/tr.json', 420, 438 ]
346 silly gunzTarPerm extractEntry locales/zh.json
347 silly gunzTarPerm modified mode [ 'locales/zh.json', 420, 438 ]
348 silly gunzTarPerm extractEntry browser-asap.js
349 silly gunzTarPerm modified mode [ 'browser-asap.js', 420, 438 ]
350 silly gunzTarPerm extractEntry browser-raw.js
351 silly gunzTarPerm modified mode [ 'browser-raw.js', 420, 438 ]
352 silly gunzTarPerm extractEntry raw.js
353 silly gunzTarPerm modified mode [ 'raw.js', 420, 438 ]
354 silly gunzTarPerm extractEntry CHANGES.md
355 silly gunzTarPerm modified mode [ 'CHANGES.md', 420, 438 ]
356 silly gunzTarPerm extractEntry LICENSE.md
357 silly gunzTarPerm modified mode [ 'LICENSE.md', 420, 438 ]
358 verbose write writing to E:\workspace\node\use-nunjucks\node_modules\nunjucks\node_modules\chokidar\package.json
359 info preinstall chokidar@1.7.0
360 verbose readDependencies loading dependencies from E:\workspace\node\use-nunjucks\node_modules\nunjucks\node_modules\chokidar\package.json
361 verbose write writing to E:\workspace\node\use-nunjucks\node_modules\nunjucks\node_modules\asap\package.json
362 silly prepareForInstallMany adding anymatch@^1.3.0 from chokidar dependencies
363 silly prepareForInstallMany adding async-each@^1.0.0 from chokidar dependencies
364 silly prepareForInstallMany adding glob-parent@^2.0.0 from chokidar dependencies
365 silly prepareForInstallMany adding inherits@^2.0.1 from chokidar dependencies
366 silly prepareForInstallMany adding is-binary-path@^1.0.0 from chokidar dependencies
367 silly prepareForInstallMany adding is-glob@^2.0.0 from chokidar dependencies
368 silly prepareForInstallMany adding path-is-absolute@^1.0.0 from chokidar dependencies
369 silly prepareForInstallMany adding readdirp@^2.0.0 from chokidar dependencies
370 silly prepareForInstallMany adding fsevents@^1.0.0 from chokidar dependencies
371 verbose readDependencies loading dependencies from E:\workspace\node\use-nunjucks\node_modules\nunjucks\node_modules\chokidar\package.json
372 info preinstall asap@2.0.6
373 verbose readDependencies loading dependencies from E:\workspace\node\use-nunjucks\node_modules\nunjucks\node_modules\asap\package.json
374 silly cache add args [ 'async-each@^1.0.0', null ]
375 verbose cache add spec async-each@^1.0.0
376 silly cache add parsed spec Result {
376 silly cache add   raw: 'async-each@^1.0.0',
376 silly cache add   scope: null,
376 silly cache add   name: 'async-each',
376 silly cache add   rawSpec: '^1.0.0',
376 silly cache add   spec: '>=1.0.0 <2.0.0',
376 silly cache add   type: 'range' }
377 silly addNamed async-each@>=1.0.0 <2.0.0
378 verbose addNamed ">=1.0.0 <2.0.0" is a valid semver range for async-each
379 silly addNameRange { name: 'async-each', range: '>=1.0.0 <2.0.0', hasData: false }
380 silly mapToRegistry name async-each
381 silly mapToRegistry using default registry
382 silly mapToRegistry registry https://registry.npmjs.org/
383 silly mapToRegistry uri https://registry.npmjs.org/async-each
384 verbose addNameRange registry:https://registry.npmjs.org/async-each not in flight; fetching
385 silly cache add args [ 'glob-parent@^2.0.0', null ]
386 verbose cache add spec glob-parent@^2.0.0
387 silly cache add parsed spec Result {
387 silly cache add   raw: 'glob-parent@^2.0.0',
387 silly cache add   scope: null,
387 silly cache add   name: 'glob-parent',
387 silly cache add   rawSpec: '^2.0.0',
387 silly cache add   spec: '>=2.0.0 <3.0.0',
387 silly cache add   type: 'range' }
388 silly addNamed glob-parent@>=2.0.0 <3.0.0
389 verbose addNamed ">=2.0.0 <3.0.0" is a valid semver range for glob-parent
390 silly addNameRange { name: 'glob-parent', range: '>=2.0.0 <3.0.0', hasData: false }
391 silly mapToRegistry name glob-parent
392 silly mapToRegistry using default registry
393 silly mapToRegistry registry https://registry.npmjs.org/
394 silly mapToRegistry uri https://registry.npmjs.org/glob-parent
395 verbose addNameRange registry:https://registry.npmjs.org/glob-parent not in flight; fetching
396 silly cache add args [ 'inherits@^2.0.1', null ]
397 verbose cache add spec inherits@^2.0.1
398 silly cache add parsed spec Result {
398 silly cache add   raw: 'inherits@^2.0.1',
398 silly cache add   scope: null,
398 silly cache add   name: 'inherits',
398 silly cache add   rawSpec: '^2.0.1',
398 silly cache add   spec: '>=2.0.1 <3.0.0',
398 silly cache add   type: 'range' }
399 silly addNamed inherits@>=2.0.1 <3.0.0
400 verbose addNamed ">=2.0.1 <3.0.0" is a valid semver range for inherits
401 silly addNameRange { name: 'inherits', range: '>=2.0.1 <3.0.0', hasData: false }
402 silly mapToRegistry name inherits
403 silly mapToRegistry using default registry
404 silly mapToRegistry registry https://registry.npmjs.org/
405 silly mapToRegistry uri https://registry.npmjs.org/inherits
406 verbose addNameRange registry:https://registry.npmjs.org/inherits not in flight; fetching
407 silly cache add args [ 'is-binary-path@^1.0.0', null ]
408 verbose cache add spec is-binary-path@^1.0.0
409 silly cache add parsed spec Result {
409 silly cache add   raw: 'is-binary-path@^1.0.0',
409 silly cache add   scope: null,
409 silly cache add   name: 'is-binary-path',
409 silly cache add   rawSpec: '^1.0.0',
409 silly cache add   spec: '>=1.0.0 <2.0.0',
409 silly cache add   type: 'range' }
410 silly addNamed is-binary-path@>=1.0.0 <2.0.0
411 verbose addNamed ">=1.0.0 <2.0.0" is a valid semver range for is-binary-path
412 silly addNameRange { name: 'is-binary-path',
412 silly addNameRange   range: '>=1.0.0 <2.0.0',
412 silly addNameRange   hasData: false }
413 silly mapToRegistry name is-binary-path
414 silly mapToRegistry using default registry
415 silly mapToRegistry registry https://registry.npmjs.org/
416 silly mapToRegistry uri https://registry.npmjs.org/is-binary-path
417 verbose addNameRange registry:https://registry.npmjs.org/is-binary-path not in flight; fetching
418 silly cache add args [ 'is-glob@^2.0.0', null ]
419 verbose cache add spec is-glob@^2.0.0
420 silly cache add parsed spec Result {
420 silly cache add   raw: 'is-glob@^2.0.0',
420 silly cache add   scope: null,
420 silly cache add   name: 'is-glob',
420 silly cache add   rawSpec: '^2.0.0',
420 silly cache add   spec: '>=2.0.0 <3.0.0',
420 silly cache add   type: 'range' }
421 silly addNamed is-glob@>=2.0.0 <3.0.0
422 verbose addNamed ">=2.0.0 <3.0.0" is a valid semver range for is-glob
423 silly addNameRange { name: 'is-glob', range: '>=2.0.0 <3.0.0', hasData: false }
424 silly mapToRegistry name is-glob
425 silly mapToRegistry using default registry
426 silly mapToRegistry registry https://registry.npmjs.org/
427 silly mapToRegistry uri https://registry.npmjs.org/is-glob
428 verbose addNameRange registry:https://registry.npmjs.org/is-glob not in flight; fetching
429 silly cache add args [ 'path-is-absolute@^1.0.0', null ]
430 verbose cache add spec path-is-absolute@^1.0.0
431 silly cache add parsed spec Result {
431 silly cache add   raw: 'path-is-absolute@^1.0.0',
431 silly cache add   scope: null,
431 silly cache add   name: 'path-is-absolute',
431 silly cache add   rawSpec: '^1.0.0',
431 silly cache add   spec: '>=1.0.0 <2.0.0',
431 silly cache add   type: 'range' }
432 silly addNamed path-is-absolute@>=1.0.0 <2.0.0
433 verbose addNamed ">=1.0.0 <2.0.0" is a valid semver range for path-is-absolute
434 silly addNameRange { name: 'path-is-absolute',
434 silly addNameRange   range: '>=1.0.0 <2.0.0',
434 silly addNameRange   hasData: false }
435 silly mapToRegistry name path-is-absolute
436 silly mapToRegistry using default registry
437 silly mapToRegistry registry https://registry.npmjs.org/
438 silly mapToRegistry uri https://registry.npmjs.org/path-is-absolute
439 verbose addNameRange registry:https://registry.npmjs.org/path-is-absolute not in flight; fetching
440 silly cache add args [ 'readdirp@^2.0.0', null ]
441 verbose cache add spec readdirp@^2.0.0
442 silly cache add parsed spec Result {
442 silly cache add   raw: 'readdirp@^2.0.0',
442 silly cache add   scope: null,
442 silly cache add   name: 'readdirp',
442 silly cache add   rawSpec: '^2.0.0',
442 silly cache add   spec: '>=2.0.0 <3.0.0',
442 silly cache add   type: 'range' }
443 silly addNamed readdirp@>=2.0.0 <3.0.0
444 verbose addNamed ">=2.0.0 <3.0.0" is a valid semver range for readdirp
445 silly addNameRange { name: 'readdirp', range: '>=2.0.0 <3.0.0', hasData: false }
446 silly mapToRegistry name readdirp
447 silly mapToRegistry using default registry
448 silly mapToRegistry registry https://registry.npmjs.org/
449 silly mapToRegistry uri https://registry.npmjs.org/readdirp
450 verbose addNameRange registry:https://registry.npmjs.org/readdirp not in flight; fetching
451 silly cache add args [ 'fsevents@^1.0.0', null ]
452 verbose cache add spec fsevents@^1.0.0
453 silly cache add parsed spec Result {
453 silly cache add   raw: 'fsevents@^1.0.0',
453 silly cache add   scope: null,
453 silly cache add   name: 'fsevents',
453 silly cache add   rawSpec: '^1.0.0',
453 silly cache add   spec: '>=1.0.0 <2.0.0',
453 silly cache add   type: 'range' }
454 silly addNamed fsevents@>=1.0.0 <2.0.0
455 verbose addNamed ">=1.0.0 <2.0.0" is a valid semver range for fsevents
456 silly addNameRange { name: 'fsevents', range: '>=1.0.0 <2.0.0', hasData: false }
457 silly mapToRegistry name fsevents
458 silly mapToRegistry using default registry
459 silly mapToRegistry registry https://registry.npmjs.org/
460 silly mapToRegistry uri https://registry.npmjs.org/fsevents
461 verbose addNameRange registry:https://registry.npmjs.org/fsevents not in flight; fetching
462 silly cache add args [ 'anymatch@^1.3.0', null ]
463 verbose cache add spec anymatch@^1.3.0
464 silly cache add parsed spec Result {
464 silly cache add   raw: 'anymatch@^1.3.0',
464 silly cache add   scope: null,
464 silly cache add   name: 'anymatch',
464 silly cache add   rawSpec: '^1.3.0',
464 silly cache add   spec: '>=1.3.0 <2.0.0',
464 silly cache add   type: 'range' }
465 silly addNamed anymatch@>=1.3.0 <2.0.0
466 verbose addNamed ">=1.3.0 <2.0.0" is a valid semver range for anymatch
467 silly addNameRange { name: 'anymatch', range: '>=1.3.0 <2.0.0', hasData: false }
468 silly mapToRegistry name anymatch
469 silly mapToRegistry using default registry
470 silly mapToRegistry registry https://registry.npmjs.org/
471 silly mapToRegistry uri https://registry.npmjs.org/anymatch
472 verbose addNameRange registry:https://registry.npmjs.org/anymatch not in flight; fetching
473 verbose readDependencies loading dependencies from E:\workspace\node\use-nunjucks\node_modules\nunjucks\node_modules\asap\package.json
474 verbose request uri https://registry.npmjs.org/async-each
475 verbose request no auth needed
476 info attempt registry request try #1 at 15:57:38
477 verbose etag W/"5861cd6a-2e04"
478 verbose lastModified Tue, 27 Dec 2016 02:09:46 GMT
479 http request GET https://registry.npmjs.org/async-each
480 verbose request uri https://registry.npmjs.org/glob-parent
481 verbose request no auth needed
482 info attempt registry request try #1 at 15:57:38
483 verbose etag W/"585169df-3840"
484 verbose lastModified Wed, 14 Dec 2016 15:48:47 GMT
485 http request GET https://registry.npmjs.org/glob-parent
486 verbose request uri https://registry.npmjs.org/inherits
487 verbose request no auth needed
488 info attempt registry request try #1 at 15:57:38
489 verbose etag W/"5945d779-2230"
490 verbose lastModified Sun, 18 Jun 2017 01:29:29 GMT
491 http request GET https://registry.npmjs.org/inherits
492 verbose request uri https://registry.npmjs.org/is-binary-path
493 verbose request no auth needed
494 info attempt registry request try #1 at 15:57:38
495 verbose etag W/"57d93a19-1648"
496 verbose lastModified Wed, 14 Sep 2016 11:52:57 GMT
497 http request GET https://registry.npmjs.org/is-binary-path
498 verbose request uri https://registry.npmjs.org/is-glob
499 verbose request no auth needed
500 info attempt registry request try #1 at 15:57:38
501 verbose etag W/"595ba705-5bf2"
502 verbose lastModified Tue, 04 Jul 2017 14:32:37 GMT
503 http request GET https://registry.npmjs.org/is-glob
504 verbose request uri https://registry.npmjs.org/path-is-absolute
505 verbose request no auth needed
506 info attempt registry request try #1 at 15:57:38
507 verbose etag W/"58e77292-133a"
508 verbose lastModified Fri, 07 Apr 2017 11:05:54 GMT
509 http request GET https://registry.npmjs.org/path-is-absolute
510 verbose request uri https://registry.npmjs.org/readdirp
511 verbose request no auth needed
512 info attempt registry request try #1 at 15:57:38
513 verbose etag W/"590eb27b-9fd1"
514 verbose lastModified Sun, 07 May 2017 05:36:59 GMT
515 http request GET https://registry.npmjs.org/readdirp
516 verbose request uri https://registry.npmjs.org/fsevents
517 verbose request no auth needed
518 info attempt registry request try #1 at 15:57:38
519 verbose etag W/"595a4ef8-dcd1"
520 verbose lastModified Mon, 03 Jul 2017 14:04:40 GMT
521 http request GET https://registry.npmjs.org/fsevents
522 verbose request uri https://registry.npmjs.org/anymatch
523 verbose request no auth needed
524 info attempt registry request try #1 at 15:57:38
525 verbose etag W/"595b9494-394c"
526 verbose lastModified Tue, 04 Jul 2017 13:13:56 GMT
527 http request GET https://registry.npmjs.org/anymatch
528 silly install resolved []
529 verbose about to build E:\workspace\node\use-nunjucks\node_modules\nunjucks\node_modules\asap
530 info build E:\workspace\node\use-nunjucks\node_modules\nunjucks\node_modules\asap
531 info linkStuff asap@2.0.6
532 silly linkStuff asap@2.0.6 has E:\workspace\node\use-nunjucks\node_modules\nunjucks\node_modules as its parent node_modules
533 verbose linkBins asap@2.0.6
534 verbose linkMans asap@2.0.6
535 verbose rebuildBundles asap@2.0.6
536 info install asap@2.0.6
537 info postinstall asap@2.0.6
538 verbose unlock done using C:\Users\liyanan\AppData\Roaming\npm-cache\_locks\asap-562b7c6ed4963004.lock for E:\workspace\node\use-nunjucks\node_modules\nunjucks\node_modules\asap
539 verbose write writing to E:\workspace\node\use-nunjucks\node_modules\nunjucks\node_modules\yargs\package.json
540 info preinstall yargs@3.32.0
541 verbose readDependencies loading dependencies from E:\workspace\node\use-nunjucks\node_modules\nunjucks\node_modules\yargs\package.json
542 silly prepareForInstallMany adding camelcase@^2.0.1 from yargs dependencies
543 silly prepareForInstallMany adding cliui@^3.0.3 from yargs dependencies
544 silly prepareForInstallMany adding decamelize@^1.1.1 from yargs dependencies
545 silly prepareForInstallMany adding os-locale@^1.4.0 from yargs dependencies
546 silly prepareForInstallMany adding string-width@^1.0.1 from yargs dependencies
547 silly prepareForInstallMany adding window-size@^0.1.4 from yargs dependencies
548 silly prepareForInstallMany adding y18n@^3.2.0 from yargs dependencies
549 verbose readDependencies loading dependencies from E:\workspace\node\use-nunjucks\node_modules\nunjucks\node_modules\yargs\package.json
550 silly cache add args [ 'cliui@^3.0.3', null ]
551 verbose cache add spec cliui@^3.0.3
552 silly cache add parsed spec Result {
552 silly cache add   raw: 'cliui@^3.0.3',
552 silly cache add   scope: null,
552 silly cache add   name: 'cliui',
552 silly cache add   rawSpec: '^3.0.3',
552 silly cache add   spec: '>=3.0.3 <4.0.0',
552 silly cache add   type: 'range' }
553 silly addNamed cliui@>=3.0.3 <4.0.0
554 verbose addNamed ">=3.0.3 <4.0.0" is a valid semver range for cliui
555 silly addNameRange { name: 'cliui', range: '>=3.0.3 <4.0.0', hasData: false }
556 silly mapToRegistry name cliui
557 silly mapToRegistry using default registry
558 silly mapToRegistry registry https://registry.npmjs.org/
559 silly mapToRegistry uri https://registry.npmjs.org/cliui
560 verbose addNameRange registry:https://registry.npmjs.org/cliui not in flight; fetching
561 silly cache add args [ 'decamelize@^1.1.1', null ]
562 verbose cache add spec decamelize@^1.1.1
563 silly cache add parsed spec Result {
563 silly cache add   raw: 'decamelize@^1.1.1',
563 silly cache add   scope: null,
563 silly cache add   name: 'decamelize',
563 silly cache add   rawSpec: '^1.1.1',
563 silly cache add   spec: '>=1.1.1 <2.0.0',
563 silly cache add   type: 'range' }
564 silly addNamed decamelize@>=1.1.1 <2.0.0
565 verbose addNamed ">=1.1.1 <2.0.0" is a valid semver range for decamelize
566 silly addNameRange { name: 'decamelize', range: '>=1.1.1 <2.0.0', hasData: false }
567 silly mapToRegistry name decamelize
568 silly mapToRegistry using default registry
569 silly mapToRegistry registry https://registry.npmjs.org/
570 silly mapToRegistry uri https://registry.npmjs.org/decamelize
571 verbose addNameRange registry:https://registry.npmjs.org/decamelize not in flight; fetching
572 silly cache add args [ 'os-locale@^1.4.0', null ]
573 verbose cache add spec os-locale@^1.4.0
574 silly cache add parsed spec Result {
574 silly cache add   raw: 'os-locale@^1.4.0',
574 silly cache add   scope: null,
574 silly cache add   name: 'os-locale',
574 silly cache add   rawSpec: '^1.4.0',
574 silly cache add   spec: '>=1.4.0 <2.0.0',
574 silly cache add   type: 'range' }
575 silly addNamed os-locale@>=1.4.0 <2.0.0
576 verbose addNamed ">=1.4.0 <2.0.0" is a valid semver range for os-locale
577 silly addNameRange { name: 'os-locale', range: '>=1.4.0 <2.0.0', hasData: false }
578 silly mapToRegistry name os-locale
579 silly mapToRegistry using default registry
580 silly mapToRegistry registry https://registry.npmjs.org/
581 silly mapToRegistry uri https://registry.npmjs.org/os-locale
582 verbose addNameRange registry:https://registry.npmjs.org/os-locale not in flight; fetching
583 silly cache add args [ 'string-width@^1.0.1', null ]
584 verbose cache add spec string-width@^1.0.1
585 silly cache add parsed spec Result {
585 silly cache add   raw: 'string-width@^1.0.1',
585 silly cache add   scope: null,
585 silly cache add   name: 'string-width',
585 silly cache add   rawSpec: '^1.0.1',
585 silly cache add   spec: '>=1.0.1 <2.0.0',
585 silly cache add   type: 'range' }
586 silly addNamed string-width@>=1.0.1 <2.0.0
587 verbose addNamed ">=1.0.1 <2.0.0" is a valid semver range for string-width
588 silly addNameRange { name: 'string-width', range: '>=1.0.1 <2.0.0', hasData: false }
589 silly mapToRegistry name string-width
590 silly mapToRegistry using default registry
591 silly mapToRegistry registry https://registry.npmjs.org/
592 silly mapToRegistry uri https://registry.npmjs.org/string-width
593 verbose addNameRange registry:https://registry.npmjs.org/string-width not in flight; fetching
594 silly cache add args [ 'window-size@^0.1.4', null ]
595 verbose cache add spec window-size@^0.1.4
596 silly cache add parsed spec Result {
596 silly cache add   raw: 'window-size@^0.1.4',
596 silly cache add   scope: null,
596 silly cache add   name: 'window-size',
596 silly cache add   rawSpec: '^0.1.4',
596 silly cache add   spec: '>=0.1.4 <0.2.0',
596 silly cache add   type: 'range' }
597 silly addNamed window-size@>=0.1.4 <0.2.0
598 verbose addNamed ">=0.1.4 <0.2.0" is a valid semver range for window-size
599 silly addNameRange { name: 'window-size', range: '>=0.1.4 <0.2.0', hasData: false }
600 silly mapToRegistry name window-size
601 silly mapToRegistry using default registry
602 silly mapToRegistry registry https://registry.npmjs.org/
603 silly mapToRegistry uri https://registry.npmjs.org/window-size
604 verbose addNameRange registry:https://registry.npmjs.org/window-size not in flight; fetching
605 silly cache add args [ 'y18n@^3.2.0', null ]
606 verbose cache add spec y18n@^3.2.0
607 silly cache add parsed spec Result {
607 silly cache add   raw: 'y18n@^3.2.0',
607 silly cache add   scope: null,
607 silly cache add   name: 'y18n',
607 silly cache add   rawSpec: '^3.2.0',
607 silly cache add   spec: '>=3.2.0 <4.0.0',
607 silly cache add   type: 'range' }
608 silly addNamed y18n@>=3.2.0 <4.0.0
609 verbose addNamed ">=3.2.0 <4.0.0" is a valid semver range for y18n
610 silly addNameRange { name: 'y18n', range: '>=3.2.0 <4.0.0', hasData: false }
611 silly mapToRegistry name y18n
612 silly mapToRegistry using default registry
613 silly mapToRegistry registry https://registry.npmjs.org/
614 silly mapToRegistry uri https://registry.npmjs.org/y18n
615 verbose addNameRange registry:https://registry.npmjs.org/y18n not in flight; fetching
616 silly cache add args [ 'camelcase@^2.0.1', null ]
617 verbose cache add spec camelcase@^2.0.1
618 silly cache add parsed spec Result {
618 silly cache add   raw: 'camelcase@^2.0.1',
618 silly cache add   scope: null,
618 silly cache add   name: 'camelcase',
618 silly cache add   rawSpec: '^2.0.1',
618 silly cache add   spec: '>=2.0.1 <3.0.0',
618 silly cache add   type: 'range' }
619 silly addNamed camelcase@>=2.0.1 <3.0.0
620 verbose addNamed ">=2.0.1 <3.0.0" is a valid semver range for camelcase
621 silly addNameRange { name: 'camelcase', range: '>=2.0.1 <3.0.0', hasData: false }
622 silly mapToRegistry name camelcase
623 silly mapToRegistry using default registry
624 silly mapToRegistry registry https://registry.npmjs.org/
625 silly mapToRegistry uri https://registry.npmjs.org/camelcase
626 verbose addNameRange registry:https://registry.npmjs.org/camelcase not in flight; fetching
627 verbose request uri https://registry.npmjs.org/cliui
628 verbose request no auth needed
629 info attempt registry request try #1 at 15:57:39
630 verbose etag "3DECEACP755TKOYK3CFEYCYNO"
631 http request GET https://registry.npmjs.org/cliui
632 verbose request uri https://registry.npmjs.org/decamelize
633 verbose request no auth needed
634 info attempt registry request try #1 at 15:57:39
635 verbose etag "AAT63TCUW5VNB1WJ81O63MUR0"
636 http request GET https://registry.npmjs.org/decamelize
637 verbose request uri https://registry.npmjs.org/string-width
638 verbose request no auth needed
639 info attempt registry request try #1 at 15:57:39
640 verbose etag "2NGJ306K3F4HBBP12FZ9M7ZB8"
641 http request GET https://registry.npmjs.org/string-width
642 verbose request uri https://registry.npmjs.org/window-size
643 verbose request no auth needed
644 info attempt registry request try #1 at 15:57:39
645 verbose etag "DUTWHLQ7GRH20165UV8WJGSNP"
646 http request GET https://registry.npmjs.org/window-size
647 verbose request uri https://registry.npmjs.org/os-locale
648 verbose request no auth needed
649 info attempt registry request try #1 at 15:57:39
650 verbose etag "9Z6M9RI2KXOPPRCOLCGXA3HCS"
651 http request GET https://registry.npmjs.org/os-locale
652 verbose request uri https://registry.npmjs.org/camelcase
653 verbose request no auth needed
654 info attempt registry request try #1 at 15:57:39
655 verbose etag "BINRO10P3TD68JIVVM7UXFBXN"
656 http request GET https://registry.npmjs.org/camelcase
657 verbose request uri https://registry.npmjs.org/y18n
658 verbose request no auth needed
659 info attempt registry request try #1 at 15:57:39
660 verbose etag "A06OQ5IF7THRGU5JWNVG4ICGZ"
661 http request GET https://registry.npmjs.org/y18n
662 http 200 https://registry.npmjs.org/y18n
663 verbose headers { server: 'nginx/1.10.3',
663 verbose headers   'content-type': 'application/json',
663 verbose headers   'last-modified': 'Thu, 22 Jun 2017 09:54:14 GMT',
663 verbose headers   etag: 'W/"594b93c6-2c6b"',
663 verbose headers   'content-encoding': 'gzip',
663 verbose headers   'cache-control': 'max-age=300',
663 verbose headers   'content-length': '2649',
663 verbose headers   'accept-ranges': 'bytes',
663 verbose headers   date: 'Wed, 02 Aug 2017 07:57:42 GMT',
663 verbose headers   via: '1.1 varnish',
663 verbose headers   age: '128',
663 verbose headers   connection: 'keep-alive',
663 verbose headers   'x-served-by': 'cache-nrt6131-NRT',
663 verbose headers   'x-cache': 'HIT',
663 verbose headers   'x-cache-hits': '8',
663 verbose headers   'x-timer': 'S1501660662.167713,VS0,VE0',
663 verbose headers   vary: 'Accept-Encoding, Accept' }
664 silly get cb [ 200,
664 silly get   { server: 'nginx/1.10.3',
664 silly get     'content-type': 'application/json',
664 silly get     'last-modified': 'Thu, 22 Jun 2017 09:54:14 GMT',
664 silly get     etag: 'W/"594b93c6-2c6b"',
664 silly get     'content-encoding': 'gzip',
664 silly get     'cache-control': 'max-age=300',
664 silly get     'content-length': '2649',
664 silly get     'accept-ranges': 'bytes',
664 silly get     date: 'Wed, 02 Aug 2017 07:57:42 GMT',
664 silly get     via: '1.1 varnish',
664 silly get     age: '128',
664 silly get     connection: 'keep-alive',
664 silly get     'x-served-by': 'cache-nrt6131-NRT',
664 silly get     'x-cache': 'HIT',
664 silly get     'x-cache-hits': '8',
664 silly get     'x-timer': 'S1501660662.167713,VS0,VE0',
664 silly get     vary: 'Accept-Encoding, Accept' } ]
665 verbose get saving y18n to C:\Users\liyanan\AppData\Roaming\npm-cache\registry.npmjs.org\y18n\.cache.json
666 silly addNameRange number 2 { name: 'y18n', range: '>=3.2.0 <4.0.0', hasData: true }
667 silly addNameRange versions [ 'y18n',
667 silly addNameRange   [ '1.0.0', '1.1.0', '2.0.0', '3.0.0', '3.1.0', '3.2.0', '3.2.1' ] ]
668 silly addNamed y18n@3.2.1
669 verbose addNamed "3.2.1" is a plain semver version for y18n
670 silly cache afterAdd y18n@3.2.1
671 verbose afterAdd C:\Users\liyanan\AppData\Roaming\npm-cache\y18n\3.2.1\package\package.json not in flight; writing
672 verbose afterAdd C:\Users\liyanan\AppData\Roaming\npm-cache\y18n\3.2.1\package\package.json written
673 http 200 https://registry.npmjs.org/fsevents
674 verbose headers { server: 'nginx/1.10.3',
674 verbose headers   'content-type': 'application/json',
674 verbose headers   'last-modified': 'Fri, 21 Jul 2017 14:55:35 GMT',
674 verbose headers   etag: 'W/"597215e7-dd9a"',
674 verbose headers   'content-encoding': 'gzip',
674 verbose headers   'cache-control': 'max-age=300',
674 verbose headers   'content-length': '7016',
674 verbose headers   'accept-ranges': 'bytes',
674 verbose headers   date: 'Wed, 02 Aug 2017 07:57:42 GMT',
674 verbose headers   via: '1.1 varnish',
674 verbose headers   age: '278',
674 verbose headers   connection: 'keep-alive',
674 verbose headers   'x-served-by': 'cache-nrt6126-NRT',
674 verbose headers   'x-cache': 'HIT',
674 verbose headers   'x-cache-hits': '24',
674 verbose headers   'x-timer': 'S1501660663.724080,VS0,VE0',
674 verbose headers   vary: 'Accept-Encoding, Accept' }
675 silly get cb [ 200,
675 silly get   { server: 'nginx/1.10.3',
675 silly get     'content-type': 'application/json',
675 silly get     'last-modified': 'Fri, 21 Jul 2017 14:55:35 GMT',
675 silly get     etag: 'W/"597215e7-dd9a"',
675 silly get     'content-encoding': 'gzip',
675 silly get     'cache-control': 'max-age=300',
675 silly get     'content-length': '7016',
675 silly get     'accept-ranges': 'bytes',
675 silly get     date: 'Wed, 02 Aug 2017 07:57:42 GMT',
675 silly get     via: '1.1 varnish',
675 silly get     age: '278',
675 silly get     connection: 'keep-alive',
675 silly get     'x-served-by': 'cache-nrt6126-NRT',
675 silly get     'x-cache': 'HIT',
675 silly get     'x-cache-hits': '24',
675 silly get     'x-timer': 'S1501660663.724080,VS0,VE0',
675 silly get     vary: 'Accept-Encoding, Accept' } ]
676 verbose get saving fsevents to C:\Users\liyanan\AppData\Roaming\npm-cache\registry.npmjs.org\fsevents\.cache.json
677 silly addNameRange number 2 { name: 'fsevents', range: '>=1.0.0 <2.0.0', hasData: true }
678 silly addNameRange versions [ 'fsevents',
678 silly addNameRange   [ '0.1.1',
678 silly addNameRange     '0.1.3',
678 silly addNameRange     '0.1.4',
678 silly addNameRange     '0.1.5',
678 silly addNameRange     '0.1.6',
678 silly addNameRange     '0.2.0',
678 silly addNameRange     '0.3.0',
678 silly addNameRange     '0.3.1',
678 silly addNameRange     '0.3.2',
678 silly addNameRange     '0.3.3',
678 silly addNameRange     '0.3.4',
678 silly addNameRange     '0.3.5',
678 silly addNameRange     '0.3.6',
678 silly addNameRange     '0.3.7',
678 silly addNameRange     '0.3.8',
678 silly addNameRange     '1.0.0',
678 silly addNameRange     '1.0.1',
678 silly addNameRange     '1.0.2',
678 silly addNameRange     '1.0.3',
678 silly addNameRange     '1.0.4',
678 silly addNameRange     '1.0.5',
678 silly addNameRange     '1.0.6',
678 silly addNameRange     '1.0.7',
678 silly addNameRange     '1.0.8',
678 silly addNameRange     '1.0.9',
678 silly addNameRange     '1.0.10',
678 silly addNameRange     '1.0.11',
678 silly addNameRange     '1.0.12',
678 silly addNameRange     '1.0.14',
678 silly addNameRange     '1.0.15',
678 silly addNameRange     '1.0.17',
678 silly addNameRange     '1.0.18-0',
678 silly addNameRange     '1.1.0',
678 silly addNameRange     '1.1.1',
678 silly addNameRange     '1.1.2' ] ]
679 silly addNamed fsevents@1.1.2
680 verbose addNamed "1.1.2" is a plain semver version for fsevents
681 silly cache afterAdd fsevents@1.1.2
682 verbose afterAdd C:\Users\liyanan\AppData\Roaming\npm-cache\fsevents\1.1.2\package\package.json not in flight; writing
683 verbose afterAdd C:\Users\liyanan\AppData\Roaming\npm-cache\fsevents\1.1.2\package\package.json written
684 http 200 https://registry.npmjs.org/cliui
685 verbose headers { server: 'nginx/1.10.1',
685 verbose headers   'content-type': 'application/json',
685 verbose headers   'last-modified': 'Sat, 08 Jul 2017 18:10:45 GMT',
685 verbose headers   etag: 'W/"59612025-5b57"',
685 verbose headers   'content-encoding': 'gzip',
685 verbose headers   'cache-control': 'max-age=300',
685 verbose headers   'content-length': '3763',
685 verbose headers   'accept-ranges': 'bytes',
685 verbose headers   date: 'Wed, 02 Aug 2017 07:57:42 GMT',
685 verbose headers   via: '1.1 varnish',
685 verbose headers   age: '230',
685 verbose headers   connection: 'keep-alive',
685 verbose headers   'x-served-by': 'cache-nrt6122-NRT',
685 verbose headers   'x-cache': 'HIT',
685 verbose headers   'x-cache-hits': '17',
685 verbose headers   'x-timer': 'S1501660663.789679,VS0,VE0',
685 verbose headers   vary: 'Accept-Encoding, Accept' }
686 silly get cb [ 200,
686 silly get   { server: 'nginx/1.10.1',
686 silly get     'content-type': 'application/json',
686 silly get     'last-modified': 'Sat, 08 Jul 2017 18:10:45 GMT',
686 silly get     etag: 'W/"59612025-5b57"',
686 silly get     'content-encoding': 'gzip',
686 silly get     'cache-control': 'max-age=300',
686 silly get     'content-length': '3763',
686 silly get     'accept-ranges': 'bytes',
686 silly get     date: 'Wed, 02 Aug 2017 07:57:42 GMT',
686 silly get     via: '1.1 varnish',
686 silly get     age: '230',
686 silly get     connection: 'keep-alive',
686 silly get     'x-served-by': 'cache-nrt6122-NRT',
686 silly get     'x-cache': 'HIT',
686 silly get     'x-cache-hits': '17',
686 silly get     'x-timer': 'S1501660663.789679,VS0,VE0',
686 silly get     vary: 'Accept-Encoding, Accept' } ]
687 verbose get saving cliui to C:\Users\liyanan\AppData\Roaming\npm-cache\registry.npmjs.org\cliui\.cache.json
688 silly addNameRange number 2 { name: 'cliui', range: '>=3.0.3 <4.0.0', hasData: true }
689 silly addNameRange versions [ 'cliui',
689 silly addNameRange   [ '1.0.0',
689 silly addNameRange     '1.1.0',
689 silly addNameRange     '1.3.0',
689 silly addNameRange     '1.4.0',
689 silly addNameRange     '2.0.0',
689 silly addNameRange     '2.1.0',
689 silly addNameRange     '3.0.0',
689 silly addNameRange     '3.0.1',
689 silly addNameRange     '3.0.2',
689 silly addNameRange     '3.0.3',
689 silly addNameRange     '3.1.0',
689 silly addNameRange     '3.1.1',
689 silly addNameRange     '3.1.2',
689 silly addNameRange     '3.2.0' ] ]
690 silly addNamed cliui@3.2.0
691 verbose addNamed "3.2.0" is a plain semver version for cliui
692 silly cache afterAdd cliui@3.2.0
693 verbose afterAdd C:\Users\liyanan\AppData\Roaming\npm-cache\cliui\3.2.0\package\package.json not in flight; writing
694 verbose afterAdd C:\Users\liyanan\AppData\Roaming\npm-cache\cliui\3.2.0\package\package.json written
695 http 304 https://registry.npmjs.org/glob-parent
696 verbose headers { date: 'Wed, 02 Aug 2017 07:57:43 GMT',
696 verbose headers   via: '1.1 varnish',
696 verbose headers   'cache-control': 'max-age=300',
696 verbose headers   etag: 'W/"585169df-3840"',
696 verbose headers   age: '248',
696 verbose headers   connection: 'keep-alive',
696 verbose headers   'x-served-by': 'cache-nrt6128-NRT',
696 verbose headers   'x-cache': 'HIT',
696 verbose headers   'x-cache-hits': '12',
696 verbose headers   'x-timer': 'S1501660663.227880,VS0,VE0',
696 verbose headers   vary: 'Accept-Encoding, Accept' }
697 silly get cb [ 304,
697 silly get   { date: 'Wed, 02 Aug 2017 07:57:43 GMT',
697 silly get     via: '1.1 varnish',
697 silly get     'cache-control': 'max-age=300',
697 silly get     etag: 'W/"585169df-3840"',
697 silly get     age: '248',
697 silly get     connection: 'keep-alive',
697 silly get     'x-served-by': 'cache-nrt6128-NRT',
697 silly get     'x-cache': 'HIT',
697 silly get     'x-cache-hits': '12',
697 silly get     'x-timer': 'S1501660663.227880,VS0,VE0',
697 silly get     vary: 'Accept-Encoding, Accept' } ]
698 verbose etag https://registry.npmjs.org/glob-parent from cache
699 verbose get saving glob-parent to C:\Users\liyanan\AppData\Roaming\npm-cache\registry.npmjs.org\glob-parent\.cache.json
700 silly addNameRange number 2 { name: 'glob-parent', range: '>=2.0.0 <3.0.0', hasData: true }
701 silly addNameRange versions [ 'glob-parent',
701 silly addNameRange   [ '1.0.0',
701 silly addNameRange     '1.1.0',
701 silly addNameRange     '1.2.0',
701 silly addNameRange     '1.3.0',
701 silly addNameRange     '2.0.0',
701 silly addNameRange     '3.0.0',
701 silly addNameRange     '3.0.1',
701 silly addNameRange     '3.1.0' ] ]
702 silly addNamed glob-parent@2.0.0
703 verbose addNamed "2.0.0" is a plain semver version for glob-parent
704 silly cache afterAdd glob-parent@2.0.0
705 verbose afterAdd C:\Users\liyanan\AppData\Roaming\npm-cache\glob-parent\2.0.0\package\package.json not in flight; writing
706 verbose afterAdd C:\Users\liyanan\AppData\Roaming\npm-cache\glob-parent\2.0.0\package\package.json written
707 verbose stack Error: read ECONNRESET
707 verbose stack     at exports._errnoException (util.js:874:11)
707 verbose stack     at TLSWrap.onread (net.js:544:26)
708 verbose cwd E:\workspace\node\use-nunjucks
709 error Windows_NT 10.0.15063
710 error argv "D:\\software\\node\\node.exe" "D:\\software\\node\\node_modules\\npm\\bin\\npm-cli.js" "install"
711 error node v4.2.3
712 error npm  v2.14.7
713 error code ECONNRESET
714 error errno ECONNRESET
715 error syscall read
716 error network read ECONNRESET
716 error network This is most likely not a problem with npm itself
716 error network and is related to network connectivity.
716 error network In most cases you are behind a proxy or have bad network settings.
716 error network
716 error network If you are behind a proxy, please make sure that the
716 error network 'proxy' config is set properly.  See: 'npm help config'
717 verbose exit [ 1, true ]
